#
# A fatal error has been detected by the Java Runtime Environment:
#
#  SIGILL (0x4) at pc=0x00007f4a1b2f5659, pid=16061, tid=139956264621888
#
# JRE version: Java(TM) SE Runtime Environment (8.0_31-b13) (build 1.8.0_31-b13)
# Java VM: Java HotSpot(TM) 64-Bit Server VM (25.31-b07 mixed mode linux-amd64 compressed oops)
# Problematic frame:
# C  [libpthread.so.0+0x9659]  pthread_join+0xa9
#
# Failed to write core dump. Core dumps have been disabled. To enable core dumping, try "ulimit -c unlimited" before starting Java again
#
# If you would like to submit a bug report, please visit:
#   http://bugreport.java.com/bugreport/crash.jsp
#

---------------  T H R E A D  ---------------

Current thread is native thread

siginfo: si_signo: 4 (SIGILL), si_code: 0 (SI_USER), sent from pid: 16261 (uid: 1000)

Registers:
RAX=0x00000000000000ca, RBX=0x00007f4a1b6fc700, RCX=0xffffffffffffffff, RDX=0x0000000000003ec1
RSP=0x00007ffdd31f6460, RBP=0x00007f4a1b6fd740, RSI=0x0000000000000000, RDI=0x00007f4a1b6fc9d0
R8 =0x0000000000000000, R9 =0x00007f4a1b6fc700, R10=0x0000000000000000, R11=0x0000000000000246
R12=0x00007f4a1b6fcd28, R13=0x00007ffdd31f6500, R14=0x00007ffdd31f6460, R15=0x0000000000000000
RIP=0x00007f4a1b2f5659, EFLAGS=0x0000000000000246, CSGSFS=0x0000000000000033, ERR=0x0000000000000004
  TRAPNO=0x000000000000000e

Top of Stack: (sp=0x00007ffdd31f6460)
0x00007ffdd31f6460:   00007f4a1b2f5590 00007f4a1b6fcd28
0x00007ffdd31f6470:   0000000000000000 0000000000000000
0x00007ffdd31f6480:   00007f4a1b6fc9d0 0000000000100000
0x00007ffdd31f6490:   00007ffdd31f6530 00007ffdd31f64c0
0x00007ffdd31f64a0:   00007ffdd31f6560 00007f4a1b0de2d0
0x00007ffdd31f64b0:   0000000000000000 00007f4a1b0e1f05
0x00007ffdd31f64c0:   0000000000000000 0000000000000000
0x00007ffdd31f64d0:   0000000000001000 0000000000000000
0x00007ffdd31f64e0:   0000000000100000 0000000000000000
0x00007ffdd31f64f0:   0000000000000000 00007f4a1ab62507
0x00007ffdd31f6500:   0000005b00000000 00007f4a1b6fc700
0x00007ffdd31f6510:   00007ffdd31fa6e0 0000000000000000
0x00007ffdd31f6520:   0000000000100000 00007ffdd31f6560
0x00007ffdd31f6530:   00007ffdd31f65f0 00007f4a1b0dd96a
0x00007ffdd31f6540:   00007ffdd31f65a0 00000000021010f8
0x00007ffdd31f6550:   00007ffdd31fc63b 0000000000000002
0x00007ffdd31f6560:   0000000000000000 00000000021010f8
0x00007ffdd31f6570:   0000000000000002 00007ffdd31fc63b
0x00007ffdd31f6580:   00007f4a1a231ac0 00007f4a1a227f80
0x00007ffdd31f6590:   00007f4a1a227f40 0000000000000000
0x00007ffdd31f65a0:   0000000000000000 0000000000000000
0x00007ffdd31f65b0:   0000000000000000 0000000000000000
0x00007ffdd31f65c0:   00007ffdd31fa6e0 0000000000000000
0x00007ffdd31f65d0:   00007ffdd31fc63b 00000000021010f0
0x00007ffdd31f65e0:   0000000000000001 0000000000000002
0x00007ffdd31f65f0:   00007ffdd31fa730 00007f4a1b0dff2e
0x00007ffdd31f6600:   00007ffd00000000 0000000000001000
0x00007ffdd31f6610:   0000000000000000 0000000000000000
0x00007ffdd31f6620:   0000000000000000 00007ffdd31fa6e0
0x00007ffdd31f6630:   0000000000000000 0000000100000000
0x00007ffdd31f6640:   0000000000000000 0000000000000000
0x00007ffdd31f6650:   ffffffff00000000 0000000100000000 

Instructions: (pc=0x00007f4a1b2f5659)
0x00007f4a1b2f5639:   00 8b 8b d0 02 00 00 85 c9 89 ca 74 1a 48 8d bb
0x00007f4a1b2f5649:   d0 02 00 00 31 f6 4d 31 d2 48 c7 c0 ca 00 00 00
0x00007f4a1b2f5659:   0f 05 83 3f 00 75 f2 44 89 c7 e8 08 58 00 00 31
0x00007f4a1b2f5669:   f6 4c 89 f7 e8 ee 53 00 00 4d 85 ed c7 83 d0 02 

Register to memory mapping:

RAX=0x00000000000000ca is an unknown value
RBX=0x00007f4a1b6fc700 is pointing into the stack for thread: 0x00007f4a1400d000
RCX=0xffffffffffffffff is an unknown value
RDX=0x0000000000003ec1 is an unknown value
RSP=0x00007ffdd31f6460 is an unknown value
RBP=0x00007f4a1b6fd740 is an unknown value
RSI=0x0000000000000000 is an unknown value
RDI=0x00007f4a1b6fc9d0 is pointing into the stack for thread: 0x00007f4a1400d000
R8 =0x0000000000000000 is an unknown value
R9 =0x00007f4a1b6fc700 is pointing into the stack for thread: 0x00007f4a1400d000
R10=0x0000000000000000 is an unknown value
R11=0x0000000000000246 is an unknown value
R12=0x00007f4a1b6fcd28 is pointing into the stack for thread: 0x00007f4a1400d000
R13=0x00007ffdd31f6500 is an unknown value
R14=0x00007ffdd31f6460 is an unknown value
R15=0x0000000000000000 is an unknown value


Stack: [0x00007ffdd30fd000,0x00007ffdd31fd000],  sp=0x00007ffdd31f6460,  free space=997k
Native frames: (J=compiled Java code, j=interpreted, Vv=VM code, C=native code)
C  [libpthread.so.0+0x9659]  pthread_join+0xa9


---------------  P R O C E S S  ---------------

VM state:not at safepoint (normal execution)

VM Mutex/Monitor currently owned by a thread: None

Heap:
 PSYoungGen      total 131584K, used 22471K [0x00000000d7200000, 0x00000000e7b00000, 0x0000000100000000)
  eden space 123904K, 18% used [0x00000000d7200000,0x00000000d87f1fe0,0x00000000deb00000)
  from space 7680K, 0% used [0x00000000deb00000,0x00000000deb00000,0x00000000df280000)
  to   space 15872K, 0% used [0x00000000e6b80000,0x00000000e6b80000,0x00000000e7b00000)
 ParOldGen       total 70144K, used 25784K [0x0000000085600000, 0x0000000089a80000, 0x00000000d7200000)
  object space 70144K, 36% used [0x0000000085600000,0x0000000086f2e360,0x0000000089a80000)
 Metaspace       used 34356K, capacity 36168K, committed 36312K, reserved 1081344K
  class space    used 4715K, capacity 5006K, committed 5120K, reserved 1048576K

Card table byte_map: [0x00007f4a04444000,0x00007f4a0481a000] byte_map_base: 0x00007f4a04019000

Marking Bits: (ParMarkBitMap*) 0x00007f4a1aae32a0
 Begin Bits: [0x00007f4a00062000, 0x00007f4a01f0a000)
 End Bits:   [0x00007f4a01f0a000, 0x00007f4a03db2000)

Polling page: 0x00007f4a1b729000

CodeCache: size=245760Kb used=18139Kb max_used=18150Kb free=227620Kb
 bounds [0x00007f4a04bda000, 0x00007f4a05daa000, 0x00007f4a13bda000]
 total_blobs=6147 nmethods=5259 adapters=808
 compilation: enabled

Compilation events (10 events):
Event: 136,695 Thread 0x00007f4a1418c000 nmethod 6094 0x00007f4a05d87050 code [0x00007f4a05d87f60, 0x00007f4a05d962e8]
Event: 136,696 Thread 0x00007f4a14187800 nmethod 6095 0x00007f4a05da3fd0 code [0x00007f4a05da41a0, 0x00007f4a05da4b98]
Event: 137,442 Thread 0x00007f4a1418c000 6096       1       com.sun.javafx.tk.quantum.GlassScene::isEntireSceneDirty (5 bytes)
Event: 137,442 Thread 0x00007f4a1418c000 nmethod 6096 0x00007f4a05d7fd10 code [0x00007f4a05d7fe60, 0x00007f4a05d7ff70]
Event: 137,446 Thread 0x00007f4a1418a800 6097       4       com.sun.prism.es2.ES2Graphics::transform (23 bytes)
Event: 137,453 Thread 0x00007f4a1418a800 nmethod 6097 0x00007f4a05da09d0 code [0x00007f4a05da0b60, 0x00007f4a05da0d98]
Event: 137,587 Thread 0x00007f4a1418c000 6098       3       javafx.animation.Animation::jumpTo (116 bytes)
Event: 137,589 Thread 0x00007f4a1418c000 nmethod 6098 0x00007f4a05da25d0 code [0x00007f4a05da2880, 0x00007f4a05da38f8]
Event: 137,943 Thread 0x00007f4a14187800 6099       4       javafx.scene.Node::isFocusTraversable (19 bytes)
Event: 137,945 Thread 0x00007f4a14187800 nmethod 6099 0x00007f4a05d6d9d0 code [0x00007f4a05d6db20, 0x00007f4a05d6dbf8]

GC Heap History (10 events):
Event: 22,593 GC heap before
{Heap before GC invocations=5 (full 0):
 PSYoungGen      total 68608K, used 43367K [0x00000000d7200000, 0x00000000dba00000, 0x0000000100000000)
  eden space 63488K, 60% used [0x00000000d7200000,0x00000000d9760f58,0x00000000db000000)
  from space 5120K, 99% used [0x00000000db500000,0x00000000db9f8fb0,0x00000000dba00000)
  to   space 5120K, 0% used [0x00000000db000000,0x00000000db000000,0x00000000db500000)
 ParOldGen       total 84992K, used 1948K [0x0000000085600000, 0x000000008a900000, 0x00000000d7200000)
  object space 84992K, 2% used [0x0000000085600000,0x00000000857e7038,0x000000008a900000)
 Metaspace       used 20473K, capacity 21080K, committed 21248K, reserved 1067008K
  class space    used 2821K, capacity 2954K, committed 3072K, reserved 1048576K
Event: 22,618 GC heap after
Heap after GC invocations=5 (full 0):
 PSYoungGen      total 68608K, used 5104K [0x00000000d7200000, 0x00000000dfc00000, 0x0000000100000000)
  eden space 63488K, 0% used [0x00000000d7200000,0x00000000d7200000,0x00000000db000000)
  from space 5120K, 99% used [0x00000000db000000,0x00000000db4fc030,0x00000000db500000)
  to   space 7168K, 0% used [0x00000000df500000,0x00000000df500000,0x00000000dfc00000)
 ParOldGen       total 84992K, used 3500K [0x0000000085600000, 0x000000008a900000, 0x00000000d7200000)
  object space 84992K, 4% used [0x0000000085600000,0x000000008596b258,0x000000008a900000)
 Metaspace       used 20473K, capacity 21080K, committed 21248K, reserved 1067008K
  class space    used 2821K, capacity 2954K, committed 3072K, reserved 1048576K
}
Event: 22,618 GC heap before
{Heap before GC invocations=6 (full 1):
 PSYoungGen      total 68608K, used 5104K [0x00000000d7200000, 0x00000000dfc00000, 0x0000000100000000)
  eden space 63488K, 0% used [0x00000000d7200000,0x00000000d7200000,0x00000000db000000)
  from space 5120K, 99% used [0x00000000db000000,0x00000000db4fc030,0x00000000db500000)
  to   space 7168K, 0% used [0x00000000df500000,0x00000000df500000,0x00000000dfc00000)
 ParOldGen       total 84992K, used 3500K [0x0000000085600000, 0x000000008a900000, 0x00000000d7200000)
  object space 84992K, 4% used [0x0000000085600000,0x000000008596b258,0x000000008a900000)
 Metaspace       used 20473K, capacity 21080K, committed 21248K, reserved 1067008K
  class space    used 2821K, capacity 2954K, committed 3072K, reserved 1048576K
Event: 22,742 GC heap after
Heap after GC invocations=6 (full 1):
 PSYoungGen      total 68608K, used 0K [0x00000000d7200000, 0x00000000dfc00000, 0x0000000100000000)
  eden space 63488K, 0% used [0x00000000d7200000,0x00000000d7200000,0x00000000db000000)
  from space 5120K, 0% used [0x00000000db000000,0x00000000db000000,0x00000000db500000)
  to   space 7168K, 0% used [0x00000000df500000,0x00000000df500000,0x00000000dfc00000)
 ParOldGen       total 42496K, used 7292K [0x0000000085600000, 0x0000000087f80000, 0x00000000d7200000)
  object space 42496K, 17% used [0x0000000085600000,0x0000000085d1f348,0x0000000087f80000)
 Metaspace       used 20472K, capacity 21078K, committed 21248K, reserved 1067008K
  class space    used 2820K, capacity 2953K, committed 3072K, reserved 1048576K
}
Event: 25,735 GC heap before
{Heap before GC invocations=7 (full 1):
 PSYoungGen      total 68608K, used 63488K [0x00000000d7200000, 0x00000000dfc00000, 0x0000000100000000)
  eden space 63488K, 100% used [0x00000000d7200000,0x00000000db000000,0x00000000db000000)
  from space 5120K, 0% used [0x00000000db000000,0x00000000db000000,0x00000000db500000)
  to   space 7168K, 0% used [0x00000000df500000,0x00000000df500000,0x00000000dfc00000)
 ParOldGen       total 42496K, used 7292K [0x0000000085600000, 0x0000000087f80000, 0x00000000d7200000)
  object space 42496K, 17% used [0x0000000085600000,0x0000000085d1f348,0x0000000087f80000)
 Metaspace       used 25163K, capacity 25792K, committed 25984K, reserved 1071104K
  class space    used 3524K, capacity 3664K, committed 3712K, reserved 1048576K
Event: 25,761 GC heap after
Heap after GC invocations=7 (full 1):
 PSYoungGen      total 129024K, used 2405K [0x00000000d7200000, 0x00000000dfa00000, 0x0000000100000000)
  eden space 123904K, 0% used [0x00000000d7200000,0x00000000d7200000,0x00000000deb00000)
  from space 5120K, 46% used [0x00000000df500000,0x00000000df7594b8,0x00000000dfa00000)
  to   space 7680K, 0% used [0x00000000deb00000,0x00000000deb00000,0x00000000df280000)
 ParOldGen       total 42496K, used 7300K [0x0000000085600000, 0x0000000087f80000, 0x00000000d7200000)
  object space 42496K, 17% used [0x0000000085600000,0x0000000085d21348,0x0000000087f80000)
 Metaspace       used 25163K, capacity 25792K, committed 25984K, reserved 1071104K
  class space    used 3524K, capacity 3664K, committed 3712K, reserved 1048576K
}
Event: 100,593 GC heap before
{Heap before GC invocations=8 (full 1):
 PSYoungGen      total 129024K, used 126309K [0x00000000d7200000, 0x00000000dfa00000, 0x0000000100000000)
  eden space 123904K, 100% used [0x00000000d7200000,0x00000000deb00000,0x00000000deb00000)
  from space 5120K, 46% used [0x00000000df500000,0x00000000df7594b8,0x00000000dfa00000)
  to   space 7680K, 0% used [0x00000000deb00000,0x00000000deb00000,0x00000000df280000)
 ParOldGen       total 42496K, used 7300K [0x0000000085600000, 0x0000000087f80000, 0x00000000d7200000)
  object space 42496K, 17% used [0x0000000085600000,0x0000000085d21348,0x0000000087f80000)
 Metaspace       used 33637K, capacity 35340K, committed 35416K, reserved 1079296K
  class space    used 4639K, capacity 4920K, committed 4992K, reserved 1048576K
Event: 100,667 GC heap after
Heap after GC invocations=8 (full 1):
 PSYoungGen      total 131584K, used 7678K [0x00000000d7200000, 0x00000000e7b00000, 0x0000000100000000)
  eden space 123904K, 0% used [0x00000000d7200000,0x00000000d7200000,0x00000000deb00000)
  from space 7680K, 99% used [0x00000000deb00000,0x00000000df27f840,0x00000000df280000)
  to   space 15872K, 0% used [0x00000000e6b80000,0x00000000e6b80000,0x00000000e7b00000)
 ParOldGen       total 42496K, used 22228K [0x0000000085600000, 0x0000000087f80000, 0x00000000d7200000)
  object space 42496K, 52% used [0x0000000085600000,0x0000000086bb5148,0x0000000087f80000)
 Metaspace       used 33637K, capacity 35340K, committed 35416K, reserved 1079296K
  class space    used 4639K, capacity 4920K, committed 4992K, reserved 1048576K
}
Event: 100,667 GC heap before
{Heap before GC invocations=9 (full 2):
 PSYoungGen      total 131584K, used 7678K [0x00000000d7200000, 0x00000000e7b00000, 0x0000000100000000)
  eden space 123904K, 0% used [0x00000000d7200000,0x00000000d7200000,0x00000000deb00000)
  from space 7680K, 99% used [0x00000000deb00000,0x00000000df27f840,0x00000000df280000)
  to   space 15872K, 0% used [0x00000000e6b80000,0x00000000e6b80000,0x00000000e7b00000)
 ParOldGen       total 42496K, used 22228K [0x0000000085600000, 0x0000000087f80000, 0x00000000d7200000)
  object space 42496K, 52% used [0x0000000085600000,0x0000000086bb5148,0x0000000087f80000)
 Metaspace       used 33637K, capacity 35340K, committed 35416K, reserved 1079296K
  class space    used 4639K, capacity 4920K, committed 4992K, reserved 1048576K
Event: 100,948 GC heap after
Heap after GC invocations=9 (full 2):
 PSYoungGen      total 131584K, used 0K [0x00000000d7200000, 0x00000000e7b00000, 0x0000000100000000)
  eden space 123904K, 0% used [0x00000000d7200000,0x00000000d7200000,0x00000000deb00000)
  from space 7680K, 0% used [0x00000000deb00000,0x00000000deb00000,0x00000000df280000)
  to   space 15872K, 0% used [0x00000000e6b80000,0x00000000e6b80000,0x00000000e7b00000)
 ParOldGen       total 70144K, used 25784K [0x0000000085600000, 0x0000000089a80000, 0x00000000d7200000)
  object space 70144K, 36% used [0x0000000085600000,0x0000000086f2e360,0x0000000089a80000)
 Metaspace       used 33637K, capacity 35340K, committed 35416K, reserved 1079296K
  class space    used 4639K, capacity 4920K, committed 4992K, reserved 1048576K
}

Deoptimization events (10 events):
Event: 90,645 Thread 0x00007f4a142e8000 Uncommon trap: reason=unreached action=reinterpret pc=0x00007f4a05a34fa4 method=com.sun.javafx.font.CompositeStrike.getStrikeSlot(I)Lcom/sun/javafx/font/FontStrike; @ 8
Event: 117,672 Thread 0x00007f4a14352800 Uncommon trap: reason=null_check action=make_not_entrant pc=0x00007f4a0581263c method=javafx.scene.Node$MiscProperties.getClip()Ljavafx/scene/Node; @ 20
Event: 117,672 Thread 0x00007f4a14352800 Uncommon trap: reason=null_check action=make_not_entrant pc=0x00007f4a058c8f8c method=javafx.scene.Node$MiscProperties.getClip()Ljavafx/scene/Node; @ 20
Event: 117,703 Thread 0x00007f4a14352800 Uncommon trap: reason=null_check action=make_not_entrant pc=0x00007f4a05764540 method=javafx.scene.Node$MiscProperties.getClip()Ljavafx/scene/Node; @ 20
Event: 124,313 Thread 0x00007f4a14352800 Uncommon trap: reason=class_check action=maybe_recompile pc=0x00007f4a0546e088 method=com.sun.javafx.css.ParsedValueImpl.hashCode()I @ 226
Event: 129,115 Thread 0x00007f4a14352800 Uncommon trap: reason=null_check action=make_not_entrant pc=0x00007f4a05ae64dc method=javafx.scene.Node$MiscProperties.getClip()Ljavafx/scene/Node; @ 20
Event: 133,441 Thread 0x00007f4a142e8000 Uncommon trap: reason=class_check action=maybe_recompile pc=0x00007f4a05c007e0 method=com.sun.prism.impl.ps.BaseShaderContext.checkState(Lcom/sun/prism/impl/ps/BaseShaderGraphics;Lcom/sun/javafx/geom/transform/BaseTransform;Lcom/sun/prism/ps/Shader;Lcom/s
Event: 133,442 Thread 0x00007f4a142e8000 Uncommon trap: reason=class_check action=maybe_recompile pc=0x00007f4a05c007e0 method=com.sun.prism.impl.ps.BaseShaderContext.checkState(Lcom/sun/prism/impl/ps/BaseShaderGraphics;Lcom/sun/javafx/geom/transform/BaseTransform;Lcom/sun/prism/ps/Shader;Lcom/s
Event: 133,442 Thread 0x00007f4a142e8000 Uncommon trap: reason=class_check action=maybe_recompile pc=0x00007f4a05c007e0 method=com.sun.prism.impl.ps.BaseShaderContext.checkState(Lcom/sun/prism/impl/ps/BaseShaderGraphics;Lcom/sun/javafx/geom/transform/BaseTransform;Lcom/sun/prism/ps/Shader;Lcom/s
Event: 133,443 Thread 0x00007f4a142e8000 Uncommon trap: reason=class_check action=maybe_recompile pc=0x00007f4a05c007e0 method=com.sun.prism.impl.ps.BaseShaderContext.checkState(Lcom/sun/prism/impl/ps/BaseShaderGraphics;Lcom/sun/javafx/geom/transform/BaseTransform;Lcom/sun/prism/ps/Shader;Lcom/s

Internal exceptions (10 events):
Event: 59,297 Thread 0x00007f4a14352800 Exception <a 'java/security/PrivilegedActionException'> (0x00000000ddc810d0) thrown at [/HUDSON/workspace/8-2-build-linux-amd64/jdk8u31/2394/hotspot/src/share/vm/prims/jvm.cpp, line 1312]
Event: 59,298 Thread 0x00007f4a14352800 Exception <a 'java/security/PrivilegedActionException'> (0x00000000ddc819d0) thrown at [/HUDSON/workspace/8-2-build-linux-amd64/jdk8u31/2394/hotspot/src/share/vm/prims/jvm.cpp, line 1312]
Event: 59,298 Thread 0x00007f4a14352800 Exception <a 'java/security/PrivilegedActionException'> (0x00000000ddc83430) thrown at [/HUDSON/workspace/8-2-build-linux-amd64/jdk8u31/2394/hotspot/src/share/vm/prims/jvm.cpp, line 1312]
Event: 59,298 Thread 0x00007f4a14352800 Exception <a 'java/security/PrivilegedActionException'> (0x00000000ddc83d60) thrown at [/HUDSON/workspace/8-2-build-linux-amd64/jdk8u31/2394/hotspot/src/share/vm/prims/jvm.cpp, line 1312]
Event: 63,300 Thread 0x00007f4a14352800 Implicit null exception at 0x00007f4a058d97d3 to 0x00007f4a058e427d
Event: 105,259 Thread 0x00007f4a14352800 Exception <a 'java/security/PrivilegedActionException'> (0x00000000d73393f8) thrown at [/HUDSON/workspace/8-2-build-linux-amd64/jdk8u31/2394/hotspot/src/share/vm/prims/jvm.cpp, line 1312]
Event: 117,672 Thread 0x00007f4a14352800 Implicit null exception at 0x00007f4a05811e10 to 0x00007f4a05812619
Event: 117,672 Thread 0x00007f4a14352800 Implicit null exception at 0x00007f4a058c8a20 to 0x00007f4a058c8f79
Event: 117,703 Thread 0x00007f4a14352800 Implicit null exception at 0x00007f4a057644d0 to 0x00007f4a05764531
Event: 129,115 Thread 0x00007f4a14352800 Implicit null exception at 0x00007f4a05ae54b9 to 0x00007f4a05ae64a1

Events (10 events):
Event: 136,614 Executing VM operation: GetOrSetLocal
Event: 136,614 Executing VM operation: GetOrSetLocal done
Event: 136,634 Executing VM operation: ForceSafepoint
Event: 136,635 Executing VM operation: ForceSafepoint done
Event: 136,638 Executing VM operation: GetOrSetLocal
Event: 136,638 Executing VM operation: GetOrSetLocal done
Event: 137,947 Executing VM operation: ForceSafepoint
Event: 137,947 Executing VM operation: ForceSafepoint done
Event: 139,649 Executing VM operation: GetOrSetLocal
Event: 139,650 Executing VM operation: GetOrSetLocal done


Dynamic libraries:
00400000-00401000 r-xp 00000000 08:05 1350734                            /home/eduarddrenth/jdk1.8.0_31/jre/bin/java
00600000-00601000 rw-p 00000000 08:05 1350734                            /home/eduarddrenth/jdk1.8.0_31/jre/bin/java
02101000-02122000 rw-p 00000000 00:00 0                                  [heap]
4110e000-41110000 r-xs 00000000 08:05 3014950                            /tmp/glQdeODv (deleted)
41559000-415f7000 rw-p 00000000 00:00 0 
85600000-89a80000 rw-p 00000000 00:00 0 
89a80000-d7200000 ---p 00000000 00:00 0 
d7200000-e7b00000 rw-p 00000000 00:00 0 
e7b00000-100000000 ---p 00000000 00:00 0 
100000000-100500000 rw-p 00000000 00:00 0 
100500000-140000000 ---p 00000000 00:00 0 
7f4970000000-7f4970021000 rw-p 00000000 00:00 0 
7f4970021000-7f4974000000 ---p 00000000 00:00 0 
7f4976e32000-7f4977232000 rw-s 1cceef000 00:05 12116                     /dev/nvidia0
7f4977232000-7f4977432000 rw-s 00000000 00:04 15335459                   /SYSV00000000 (deleted)
7f4977432000-7f4978000000 rw-p 00000000 00:00 0 
7f4978000000-7f4978054000 rw-p 00000000 00:00 0 
7f4978054000-7f497c000000 ---p 00000000 00:00 0 
7f497c000000-7f497c27b000 rw-p 00000000 00:00 0 
7f497c27b000-7f4980000000 ---p 00000000 00:00 0 
7f4980000000-7f4980136000 rw-p 00000000 00:00 0 
7f4980136000-7f4984000000 ---p 00000000 00:00 0 
7f4984000000-7f4984021000 rw-p 00000000 00:00 0 
7f4984021000-7f4988000000 ---p 00000000 00:00 0 
7f4988000000-7f4988024000 rw-p 00000000 00:00 0 
7f4988024000-7f498c000000 ---p 00000000 00:00 0 
7f498c000000-7f498c157000 rw-p 00000000 00:00 0 
7f498c157000-7f4990000000 ---p 00000000 00:00 0 
7f4990000000-7f4990021000 rw-p 00000000 00:00 0 
7f4990021000-7f4994000000 ---p 00000000 00:00 0 
7f499400b000-7f499408b000 rw-s 1689dd000 00:05 12116                     /dev/nvidia0
7f499408b000-7f499428b000 rw-s 5b1f6000 00:05 12116                      /dev/nvidia0
7f499428b000-7f499484e000 rw-p 00000000 00:00 0 
7f499484e000-7f4994858000 ---p 00000000 00:00 0 
7f4994858000-7f4994902000 r--p 00000000 08:05 4722204                    /usr/share/fonts/truetype/dejavu/DejaVuSans-Bold.ttf
7f4994902000-7f4994b02000 rw-p 00000000 00:00 0 
7f4994c36000-7f4994cb6000 rw-p 00000000 00:00 0 
7f4994cb6000-7f4994e36000 ---p 00000000 00:00 0 
7f4994e36000-7f4995036000 rw-p 00000000 00:00 0 
7f4995036000-7f4995039000 ---p 00000000 00:00 0 
7f4995039000-7f4995137000 rw-p 00000000 00:00 0                          [stack:16144]
7f4995137000-7f49951ed000 r--p 00000000 08:05 4722205                    /usr/share/fonts/truetype/dejavu/DejaVuSans.ttf
7f49952fb000-7f49954fb000 rw-p 00000000 00:00 0 
7f49954fb000-7f49954fe000 ---p 00000000 00:00 0 
7f49954fe000-7f49955fc000 rw-p 00000000 00:00 0                          [stack:16143]
7f49955fc000-7f49955ff000 ---p 00000000 00:00 0 
7f49955ff000-7f49956fd000 rw-p 00000000 00:00 0                          [stack:16142]
7f49956fd000-7f4995766000 r-xp 00000000 08:05 1350859                    /home/eduarddrenth/jdk1.8.0_31/jre/lib/amd64/libt2k.so
7f4995766000-7f4995965000 ---p 00069000 08:05 1350859                    /home/eduarddrenth/jdk1.8.0_31/jre/lib/amd64/libt2k.so
7f4995965000-7f499596c000 rw-p 00068000 08:05 1350859                    /home/eduarddrenth/jdk1.8.0_31/jre/lib/amd64/libt2k.so
7f499596c000-7f4995b7c000 rw-p 00000000 00:00 0 
7f4995b7c000-7f4995b7f000 ---p 00000000 00:00 0 
7f4995b7f000-7f4995c7d000 rw-p 00000000 00:00 0                          [stack:16141]
7f4995c7d000-7f4995c80000 ---p 00000000 00:00 0 
7f4995c80000-7f4995d7e000 rw-p 00000000 00:00 0                          [stack:16140]
7f4995d7e000-7f4995d81000 ---p 00000000 00:00 0 
7f4995d81000-7f4995e7f000 rw-p 00000000 00:00 0 
7f4995e7f000-7f4995e82000 ---p 00000000 00:00 0 
7f4995e82000-7f4996180000 rw-p 00000000 00:00 0 
7f4996180000-7f4996183000 ---p 00000000 00:00 0 
7f4996183000-7f4996281000 rw-p 00000000 00:00 0                          [stack:16137]
7f4996281000-7f4996284000 ---p 00000000 00:00 0 
7f4996284000-7f4996382000 rw-p 00000000 00:00 0                          [stack:16136]
7f4996382000-7f49963e7000 r-xp 00000000 08:05 1350870                    /home/eduarddrenth/jdk1.8.0_31/jre/lib/amd64/libfontmanager.so
7f49963e7000-7f49965e6000 ---p 00065000 08:05 1350870                    /home/eduarddrenth/jdk1.8.0_31/jre/lib/amd64/libfontmanager.so
7f49965e6000-7f49965ea000 rw-p 00064000 08:05 1350870                    /home/eduarddrenth/jdk1.8.0_31/jre/lib/amd64/libfontmanager.so
7f49965ea000-7f49967fb000 rw-p 00000000 00:00 0 
7f49967fb000-7f499684f000 r-xp 00000000 08:05 1350892                    /home/eduarddrenth/jdk1.8.0_31/jre/lib/amd64/libawt_xawt.so
7f499684f000-7f4996a4f000 ---p 00054000 08:05 1350892                    /home/eduarddrenth/jdk1.8.0_31/jre/lib/amd64/libawt_xawt.so
7f4996a4f000-7f4996a53000 rw-p 00054000 08:05 1350892                    /home/eduarddrenth/jdk1.8.0_31/jre/lib/amd64/libawt_xawt.so
7f4996a53000-7f4996a54000 rw-p 00000000 00:00 0 
7f4996a54000-7f4996af6000 r-xp 00000000 08:05 1350878                    /home/eduarddrenth/jdk1.8.0_31/jre/lib/amd64/libawt.so
7f4996af6000-7f4996cf6000 ---p 000a2000 08:05 1350878                    /home/eduarddrenth/jdk1.8.0_31/jre/lib/amd64/libawt.so
7f4996cf6000-7f4996d02000 rw-p 000a2000 08:05 1350878                    /home/eduarddrenth/jdk1.8.0_31/jre/lib/amd64/libawt.so
7f4996d02000-7f4996f26000 rw-p 00000000 00:00 0 
7f4996f26000-7f4996f7b000 r--p 00000000 08:05 1350774                    /home/eduarddrenth/jdk1.8.0_31/jre/lib/fonts/LucidaBrightRegular.ttf
7f4996f7b000-7f4996fc9000 r--p 00000000 08:05 1350775                    /home/eduarddrenth/jdk1.8.0_31/jre/lib/fonts/LucidaSansDemiBold.ttf
7f4996fc9000-7f4996fcd000 r-xp 00000000 08:05 1350849                    /home/eduarddrenth/jdk1.8.0_31/jre/lib/amd64/libjavafx_font_pango.so
7f4996fcd000-7f49971cc000 ---p 00004000 08:05 1350849                    /home/eduarddrenth/jdk1.8.0_31/jre/lib/amd64/libjavafx_font_pango.so
7f49971cc000-7f49971cd000 r--p 00003000 08:05 1350849                    /home/eduarddrenth/jdk1.8.0_31/jre/lib/amd64/libjavafx_font_pango.so
7f49971cd000-7f49971ce000 rw-p 00004000 08:05 1350849                    /home/eduarddrenth/jdk1.8.0_31/jre/lib/amd64/libjavafx_font_pango.so
7f49971ce000-7f49973ce000 rw-p 00000000 00:00 0 
7f49973ce000-7f49973d3000 r-xp 00000000 08:05 1350852                    /home/eduarddrenth/jdk1.8.0_31/jre/lib/amd64/libjavafx_font_freetype.so
7f49973d3000-7f49975d2000 ---p 00005000 08:05 1350852                    /home/eduarddrenth/jdk1.8.0_31/jre/lib/amd64/libjavafx_font_freetype.so
7f49975d2000-7f49975d3000 r--p 00004000 08:05 1350852                    /home/eduarddrenth/jdk1.8.0_31/jre/lib/amd64/libjavafx_font_freetype.so
7f49975d3000-7f49975d4000 rw-p 00005000 08:05 1350852                    /home/eduarddrenth/jdk1.8.0_31/jre/lib/amd64/libjavafx_font_freetype.so
7f49975d4000-7f49975d7000 r-xp 00000000 08:05 1350886                    /home/eduarddrenth/jdk1.8.0_31/jre/lib/amd64/libjavafx_font.so
7f49975d7000-7f49977d6000 ---p 00003000 08:05 1350886                    /home/eduarddrenth/jdk1.8.0_31/jre/lib/amd64/libjavafx_font.so
7f49977d6000-7f49977d7000 r--p 00002000 08:05 1350886                    /home/eduarddrenth/jdk1.8.0_31/jre/lib/amd64/libjavafx_font.so
7f49977d7000-7f49977d8000 rw-p 00003000 08:05 1350886                    /home/eduarddrenth/jdk1.8.0_31/jre/lib/amd64/libjavafx_font.so
7f49977d8000-7f49979d8000 rw-p 00000000 00:00 0 
7f49979d8000-7f49979ee000 r-xp 00000000 08:05 1350885                    /home/eduarddrenth/jdk1.8.0_31/jre/lib/amd64/libnet.so
7f49979ee000-7f4997bee000 ---p 00016000 08:05 1350885                    /home/eduarddrenth/jdk1.8.0_31/jre/lib/amd64/libnet.so
7f4997bee000-7f4997bef000 rw-p 00016000 08:05 1350885                    /home/eduarddrenth/jdk1.8.0_31/jre/lib/amd64/libnet.so
7f4997bef000-7f4997c00000 r-xp 00000000 08:05 1350888                    /home/eduarddrenth/jdk1.8.0_31/jre/lib/amd64/libnio.so
7f4997c00000-7f4997dff000 ---p 00011000 08:05 1350888                    /home/eduarddrenth/jdk1.8.0_31/jre/lib/amd64/libnio.so
7f4997dff000-7f4997e00000 rw-p 00010000 08:05 1350888                    /home/eduarddrenth/jdk1.8.0_31/jre/lib/amd64/libnio.so
7f4997e00000-7f4998000000 rw-p 00000000 00:00 0 
7f4998000000-7f4998676000 rw-p 00000000 00:00 0 
7f4998676000-7f499c000000 ---p 00000000 00:00 0 
7f499c000000-7f499c021000 rw-p 00000000 00:00 0 
7f499c021000-7f49a0000000 ---p 00000000 00:00 0 
7f49a0000000-7f49a0022000 rw-p 00000000 00:00 0 
7f49a0022000-7f49a4000000 ---p 00000000 00:00 0 
7f49a4000000-7f49a4021000 rw-p 00000000 00:00 0 
7f49a4021000-7f49a8000000 ---p 00000000 00:00 0 
7f49a8000000-7f49a8021000 rw-p 00000000 00:00 0 
7f49a8021000-7f49ac000000 ---p 00000000 00:00 0 
7f49ac002000-7f49ac007000 r--s 00084000 08:05 1350759                    /home/eduarddrenth/jdk1.8.0_31/jre/lib/jfr.jar
7f49ac007000-7f49ac01a000 r--s 00344000 08:05 1350838                    /home/eduarddrenth/jdk1.8.0_31/jre/lib/resources.jar
7f49ac01a000-7f49ac02e000 r--p 00000000 08:05 1350772                    /home/eduarddrenth/jdk1.8.0_31/jre/lib/fonts/LucidaBrightItalic.ttf
7f49ac02e000-7f49ac041000 r--p 00000000 08:05 1350777                    /home/eduarddrenth/jdk1.8.0_31/jre/lib/fonts/LucidaBrightDemiItalic.ttf
7f49ac041000-7f49ac054000 r--p 00000000 08:05 1350780                    /home/eduarddrenth/jdk1.8.0_31/jre/lib/fonts/LucidaBrightDemiBold.ttf
7f49ac054000-7f49ac08e000 r--p 00000000 08:05 1350779                    /home/eduarddrenth/jdk1.8.0_31/jre/lib/fonts/LucidaTypewriterBold.ttf
7f49ac08e000-7f49ac139000 r--p 00000000 08:05 1350773                    /home/eduarddrenth/jdk1.8.0_31/jre/lib/fonts/LucidaSansRegular.ttf
7f49ac139000-7f49ac175000 r--p 00000000 08:05 1350778                    /home/eduarddrenth/jdk1.8.0_31/jre/lib/fonts/LucidaTypewriterRegular.ttf
7f49ac175000-7f49ac176000 r--s 00000000 08:05 1722466                    /var/cache/fontconfig/c05880de57d1f5e948fdfacc138775d9-le64.cache-4
7f49ac176000-7f49ac181000 r--s 00000000 08:05 1704051                    /var/cache/fontconfig/945677eb7aeaf62f1d50efc3fb3ec7d8-le64.cache-4
7f49ac181000-7f49ac183000 r--s 00000000 08:05 1722449                    /var/cache/fontconfig/99e8ed0e538f840c565b6ed5dad60d56-le64.cache-4
7f49ac183000-7f49ac18c000 r--s 00000000 08:05 1722439                    /var/cache/fontconfig/a6d8cf8e4ec09cdbc8633c31745a07dd-le64.cache-4
7f49ac18c000-7f49ac192000 r--s 00000000 08:05 1722438                    /var/cache/fontconfig/2cd17615ca594fa2959ae173292e504c-le64.cache-4
7f49ac192000-7f49ac193000 r--s 00000000 08:05 1722426                    /var/cache/fontconfig/e7071f4a29fa870f4323321c154eba04-le64.cache-4
7f49ac193000-7f49ac19a000 r--s 00000000 08:05 1722415                    /var/cache/fontconfig/a755afe4a08bf5b97852ceb7400b47bc-le64.cache-4
7f49ac19a000-7f49ac1a6000 r--s 00000000 08:05 1722407                    /var/cache/fontconfig/6d41288fd70b0be22e8c3a91e032eec0-le64.cache-4
7f49ac1a6000-7f49ac1ba000 r--s 00000000 08:05 1722406                    /var/cache/fontconfig/04aabc0a78ac019cf9454389977116d2-le64.cache-4
7f49ac1ba000-7f49ac1be000 r--s 00000000 08:05 1722397                    /var/cache/fontconfig/385c0604a188198f04d133e54aba7fe7-le64.cache-4
7f49ac1be000-7f49ac1c1000 ---p 00000000 00:00 0 
7f49ac1c1000-7f49ac2bf000 rw-p 00000000 00:00 0                          [stack:16131]
7f49ac2bf000-7f49ac2c2000 ---p 00000000 00:00 0 
7f49ac2c2000-7f49ac3c0000 rw-p 00000000 00:00 0                          [stack:16130]
7f49ac3c0000-7f49ac3c3000 ---p 00000000 00:00 0 
7f49ac3c3000-7f49ac4c1000 rw-p 00000000 00:00 0                          [stack:16129]
7f49ac4c1000-7f49ac4c2000 ---p 00000000 00:00 0 
7f49ac4c2000-7f49accc2000 rw-p 00000000 00:00 0                          [stack:16128]
7f49accc2000-7f49accc3000 ---p 00000000 00:00 0 
7f49accc3000-7f49ad4c3000 rw-p 00000000 00:00 0                          [stack:16127]
7f49ad4c3000-7f49ad4ce000 r-xp 00000000 08:05 4331779                    /usr/lib/x86_64-linux-gnu/gio/modules/libdconfsettings.so
7f49ad4ce000-7f49ad6ce000 ---p 0000b000 08:05 4331779                    /usr/lib/x86_64-linux-gnu/gio/modules/libdconfsettings.so
7f49ad6ce000-7f49ad6cf000 r--p 0000b000 08:05 4331779                    /usr/lib/x86_64-linux-gnu/gio/modules/libdconfsettings.so
7f49ad6cf000-7f49ad6d0000 rw-p 0000c000 08:05 4331779                    /usr/lib/x86_64-linux-gnu/gio/modules/libdconfsettings.so
7f49ad6d0000-7f49ad725000 r--p 00000000 08:05 4719332                    /usr/share/glib-2.0/schemas/gschemas.compiled
7f49ad725000-7f49ad72c000 r-xp 00000000 08:05 4208087                    /usr/lib/x86_64-linux-gnu/libogg.so.0.8.1
7f49ad72c000-7f49ad92c000 ---p 00007000 08:05 4208087                    /usr/lib/x86_64-linux-gnu/libogg.so.0.8.1
7f49ad92c000-7f49ad92d000 r--p 00007000 08:05 4208087                    /usr/lib/x86_64-linux-gnu/libogg.so.0.8.1
7f49ad92d000-7f49ad92e000 rw-p 00008000 08:05 4208087                    /usr/lib/x86_64-linux-gnu/libogg.so.0.8.1
7f49ad92e000-7f49ad95a000 r-xp 00000000 08:05 4208368                    /usr/lib/x86_64-linux-gnu/libvorbis.so.0.4.5
7f49ad95a000-7f49adb59000 ---p 0002c000 08:05 4208368                    /usr/lib/x86_64-linux-gnu/libvorbis.so.0.4.5
7f49adb59000-7f49adb5a000 r--p 0002b000 08:05 4208368                    /usr/lib/x86_64-linux-gnu/libvorbis.so.0.4.5
7f49adb5a000-7f49adb5b000 rw-p 0002c000 08:05 4208368                    /usr/lib/x86_64-linux-gnu/libvorbis.so.0.4.5
7f49adb5b000-7f49adb64000 r-xp 00000000 08:05 4207991                    /usr/lib/x86_64-linux-gnu/libltdl.so.7.3.0
7f49adb64000-7f49add63000 ---p 00009000 08:05 4207991                    /usr/lib/x86_64-linux-gnu/libltdl.so.7.3.0
7f49add63000-7f49add64000 r--p 00008000 08:05 4207991                    /usr/lib/x86_64-linux-gnu/libltdl.so.7.3.0
7f49add64000-7f49add65000 rw-p 00009000 08:05 4207991                    /usr/lib/x86_64-linux-gnu/libltdl.so.7.3.0
7f49add65000-7f49add79000 r-xp 00000000 08:05 4201859                    /usr/lib/x86_64-linux-gnu/libtdb.so.1.3.8
7f49add79000-7f49adf78000 ---p 00014000 08:05 4201859                    /usr/lib/x86_64-linux-gnu/libtdb.so.1.3.8
7f49adf78000-7f49adf79000 r--p 00013000 08:05 4201859                    /usr/lib/x86_64-linux-gnu/libtdb.so.1.3.8
7f49adf79000-7f49adf7a000 rw-p 00014000 08:05 4201859                    /usr/lib/x86_64-linux-gnu/libtdb.so.1.3.8
7f49adf7a000-7f49adf81000 r-xp 00000000 08:05 4208372                    /usr/lib/x86_64-linux-gnu/libvorbisfile.so.3.3.4
7f49adf81000-7f49ae180000 ---p 00007000 08:05 4208372                    /usr/lib/x86_64-linux-gnu/libvorbisfile.so.3.3.4
7f49ae180000-7f49ae181000 r--p 00006000 08:05 4208372                    /usr/lib/x86_64-linux-gnu/libvorbisfile.so.3.3.4
7f49ae181000-7f49ae182000 rw-p 00007000 08:05 4208372                    /usr/lib/x86_64-linux-gnu/libvorbisfile.so.3.3.4
7f49ae182000-7f49ae191000 r-xp 00000000 08:05 4207502                    /usr/lib/x86_64-linux-gnu/libcanberra.so.0.2.5
7f49ae191000-7f49ae390000 ---p 0000f000 08:05 4207502                    /usr/lib/x86_64-linux-gnu/libcanberra.so.0.2.5
7f49ae390000-7f49ae391000 r--p 0000e000 08:05 4207502                    /usr/lib/x86_64-linux-gnu/libcanberra.so.0.2.5
7f49ae391000-7f49ae392000 rw-p 0000f000 08:05 4207502                    /usr/lib/x86_64-linux-gnu/libcanberra.so.0.2.5
7f49ae392000-7f49ae396000 r-xp 00000000 08:05 4207498                    /usr/lib/x86_64-linux-gnu/libcanberra-gtk.so.0.1.9
7f49ae396000-7f49ae595000 ---p 00004000 08:05 4207498                    /usr/lib/x86_64-linux-gnu/libcanberra-gtk.so.0.1.9
7f49ae595000-7f49ae596000 r--p 00003000 08:05 4207498                    /usr/lib/x86_64-linux-gnu/libcanberra-gtk.so.0.1.9
7f49ae596000-7f49ae597000 rw-p 00004000 08:05 4207498                    /usr/lib/x86_64-linux-gnu/libcanberra-gtk.so.0.1.9
7f49ae597000-7f49ae59c000 r-xp 00000000 08:05 4332041                    /usr/lib/x86_64-linux-gnu/gtk-2.0/modules/libcanberra-gtk-module.so
7f49ae59c000-7f49ae79b000 ---p 00005000 08:05 4332041                    /usr/lib/x86_64-linux-gnu/gtk-2.0/modules/libcanberra-gtk-module.so
7f49ae79b000-7f49ae79c000 r--p 00004000 08:05 4332041                    /usr/lib/x86_64-linux-gnu/gtk-2.0/modules/libcanberra-gtk-module.so
7f49ae79c000-7f49ae79d000 rw-p 00005000 08:05 4332041                    /usr/lib/x86_64-linux-gnu/gtk-2.0/modules/libcanberra-gtk-module.so
7f49ae79d000-7f49ae7a0000 r-xp 00000000 08:05 4336617                    /usr/lib/x86_64-linux-gnu/gtk-2.0/2.10.0/engines/libadwaita.so
7f49ae7a0000-7f49ae99f000 ---p 00003000 08:05 4336617                    /usr/lib/x86_64-linux-gnu/gtk-2.0/2.10.0/engines/libadwaita.so
7f49ae99f000-7f49ae9a0000 r--p 00002000 08:05 4336617                    /usr/lib/x86_64-linux-gnu/gtk-2.0/2.10.0/engines/libadwaita.so
7f49ae9a0000-7f49ae9a1000 rw-p 00003000 08:05 4336617                    /usr/lib/x86_64-linux-gnu/gtk-2.0/2.10.0/engines/libadwaita.so
7f49ae9a1000-7f49ae9aa000 r-xp 00000000 08:05 4327769                    /usr/lib/x86_64-linux-gnu/gtk-2.0/2.10.0/engines/libpixmap.so
7f49ae9aa000-7f49aebaa000 ---p 00009000 08:05 4327769                    /usr/lib/x86_64-linux-gnu/gtk-2.0/2.10.0/engines/libpixmap.so
7f49aebaa000-7f49aebab000 r--p 00009000 08:05 4327769                    /usr/lib/x86_64-linux-gnu/gtk-2.0/2.10.0/engines/libpixmap.so
7f49aebab000-7f49aebac000 rw-p 0000a000 08:05 4327769                    /usr/lib/x86_64-linux-gnu/gtk-2.0/2.10.0/engines/libpixmap.so
7f49aebac000-7f49aebbc000 r-xp 00000000 08:05 4200555                    /usr/lib/x86_64-linux-gnu/libunity-gtk2-parser.so.0.0.0
7f49aebbc000-7f49aedbb000 ---p 00010000 08:05 4200555                    /usr/lib/x86_64-linux-gnu/libunity-gtk2-parser.so.0.0.0
7f49aedbb000-7f49aedbc000 r--p 0000f000 08:05 4200555                    /usr/lib/x86_64-linux-gnu/libunity-gtk2-parser.so.0.0.0
7f49aedbc000-7f49aedbd000 rw-p 00010000 08:05 4200555                    /usr/lib/x86_64-linux-gnu/libunity-gtk2-parser.so.0.0.0
7f49aedbd000-7f49aedbf000 r--s 00000000 08:05 1722392                    /var/cache/fontconfig/767a8244fc0220cfb567a839d0392e0b-le64.cache-4
7f49aedbf000-7f49aedd2000 r--s 00000000 08:05 1719548                    /var/cache/fontconfig/d52a8644073d54c13679302ca1180695-le64.cache-4
7f49aedd2000-7f49aeddb000 r--s 00000000 08:05 1717702                    /var/cache/fontconfig/3f7329c5293ffd510edef78f73874cfd-le64.cache-4
7f49aeddb000-7f49aede6000 r--s 00000000 08:05 1719502                    /var/cache/fontconfig/d589a48862398ed80a3d6066f4f56f4c-le64.cache-4
7f49aede6000-7f49aedeb000 r-xp 00000000 08:05 4326793                    /usr/lib/x86_64-linux-gnu/gtk-2.0/modules/libunity-gtk-module.so
7f49aedeb000-7f49aefea000 ---p 00005000 08:05 4326793                    /usr/lib/x86_64-linux-gnu/gtk-2.0/modules/libunity-gtk-module.so
7f49aefea000-7f49aefeb000 r--p 00004000 08:05 4326793                    /usr/lib/x86_64-linux-gnu/gtk-2.0/modules/libunity-gtk-module.so
7f49aefeb000-7f49aefec000 rw-p 00005000 08:05 4326793                    /usr/lib/x86_64-linux-gnu/gtk-2.0/modules/libunity-gtk-module.so
7f49aefec000-7f49aeffd000 r-xp 00000000 08:05 4332044                    /usr/lib/x86_64-linux-gnu/gtk-2.0/modules/liboverlay-scrollbar.so
7f49aeffd000-7f49af1fc000 ---p 00011000 08:05 4332044                    /usr/lib/x86_64-linux-gnu/gtk-2.0/modules/liboverlay-scrollbar.so
7f49af1fc000-7f49af1fd000 r--p 00010000 08:05 4332044                    /usr/lib/x86_64-linux-gnu/gtk-2.0/modules/liboverlay-scrollbar.so
7f49af1fd000-7f49af1fe000 rw-p 00011000 08:05 4332044                    /usr/lib/x86_64-linux-gnu/gtk-2.0/modules/liboverlay-scrollbar.so
7f49af1fe000-7f49af228000 r-xp 00000000 08:05 1350865                    /home/eduarddrenth/jdk1.8.0_31/jre/lib/amd64/libglass.so
7f49af228000-7f49af428000 ---p 0002a000 08:05 1350865                    /home/eduarddrenth/jdk1.8.0_31/jre/lib/amd64/libglass.so
7f49af428000-7f49af42a000 r--p 0002a000 08:05 1350865                    /home/eduarddrenth/jdk1.8.0_31/jre/lib/amd64/libglass.so
7f49af42a000-7f49af42b000 rw-p 0002c000 08:05 1350865                    /home/eduarddrenth/jdk1.8.0_31/jre/lib/amd64/libglass.so
7f49af42b000-7f49af42c000 rw-p 00000000 00:00 0 
7f49af42c000-7f49af62c000 rw-s 173bb5000 00:05 12116                     /dev/nvidia0
7f49af62c000-7f49af72c000 rw-s 2240c1000 00:05 12116                     /dev/nvidia0
7f49af72c000-7f49af7f0000 rw-s 20396c000 00:05 12116                     /dev/nvidia0
7f49af7f0000-7f49af7f6000 r-xp 00000000 08:05 4207566                    /usr/lib/x86_64-linux-gnu/libdatrie.so.1.3.1
7f49af7f6000-7f49af9f5000 ---p 00006000 08:05 4207566                    /usr/lib/x86_64-linux-gnu/libdatrie.so.1.3.1
7f49af9f5000-7f49af9f6000 r--p 00005000 08:05 4207566                    /usr/lib/x86_64-linux-gnu/libdatrie.so.1.3.1
7f49af9f6000-7f49af9f7000 rw-p 00006000 08:05 4207566                    /usr/lib/x86_64-linux-gnu/libdatrie.so.1.3.1
7f49af9f7000-7f49af9fc000 r-xp 00000000 08:05 4207325                    /usr/lib/x86_64-linux-gnu/libXdmcp.so.6.0.0
7f49af9fc000-7f49afbfb000 ---p 00005000 08:05 4207325                    /usr/lib/x86_64-linux-gnu/libXdmcp.so.6.0.0
7f49afbfb000-7f49afbfc000 r--p 00004000 08:05 4207325                    /usr/lib/x86_64-linux-gnu/libXdmcp.so.6.0.0
7f49afbfc000-7f49afbfd000 rw-p 00005000 08:05 4207325                    /usr/lib/x86_64-linux-gnu/libXdmcp.so.6.0.0
7f49afbfd000-7f49afbff000 r-xp 00000000 08:05 4207312                    /usr/lib/x86_64-linux-gnu/libXau.so.6.0.0
7f49afbff000-7f49afdff000 ---p 00002000 08:05 4207312                    /usr/lib/x86_64-linux-gnu/libXau.so.6.0.0
7f49afdff000-7f49afe00000 r--p 00002000 08:05 4207312                    /usr/lib/x86_64-linux-gnu/libXau.so.6.0.0
7f49afe00000-7f49afe01000 rw-p 00003000 08:05 4207312                    /usr/lib/x86_64-linux-gnu/libXau.so.6.0.0
7f49afe01000-7f49afe25000 r-xp 00000000 08:05 4194740                    /usr/lib/x86_64-linux-gnu/libgraphite2.so.3.0.1
7f49afe25000-7f49b0024000 ---p 00024000 08:05 4194740                    /usr/lib/x86_64-linux-gnu/libgraphite2.so.3.0.1
7f49b0024000-7f49b0026000 r--p 00023000 08:05 4194740                    /usr/lib/x86_64-linux-gnu/libgraphite2.so.3.0.1
7f49b0026000-7f49b0027000 rw-p 00025000 08:05 4194740                    /usr/lib/x86_64-linux-gnu/libgraphite2.so.3.0.1
7f49b0027000-7f49b1b8f000 r-xp 00000000 08:05 4194319                    /usr/lib/libnvidia-glcore.so.331.113
7f49b1b8f000-7f49b1d8e000 ---p 01b68000 08:05 4194319                    /usr/lib/libnvidia-glcore.so.331.113
7f49b1d8e000-7f49b2819000 rwxp 01b67000 08:05 4194319                    /usr/lib/libnvidia-glcore.so.331.113
7f49b2819000-7f49b2836000 rwxp 00000000 00:00 0 
7f49b2836000-7f49b2839000 r-xp 00000000 08:05 4589239                    /usr/lib/tls/libnvidia-tls.so.331.113
7f49b2839000-7f49b2a38000 ---p 00003000 08:05 4589239                    /usr/lib/tls/libnvidia-tls.so.331.113
7f49b2a38000-7f49b2a39000 rw-p 00002000 08:05 4589239                    /usr/lib/tls/libnvidia-tls.so.331.113
7f49b2a39000-7f49b2a76000 r-xp 00000000 08:05 5767208                    /lib/x86_64-linux-gnu/libpcre.so.3.13.1
7f49b2a76000-7f49b2c75000 ---p 0003d000 08:05 5767208                    /lib/x86_64-linux-gnu/libpcre.so.3.13.1
7f49b2c75000-7f49b2c76000 r--p 0003c000 08:05 5767208                    /lib/x86_64-linux-gnu/libpcre.so.3.13.1
7f49b2c76000-7f49b2c77000 rw-p 0003d000 08:05 5767208                    /lib/x86_64-linux-gnu/libpcre.so.3.13.1
7f49b2c77000-7f49b2c7e000 r-xp 00000000 08:05 4201172                    /usr/lib/x86_64-linux-gnu/libffi.so.6.0.1
7f49b2c7e000-7f49b2e7d000 ---p 00007000 08:05 4201172                    /usr/lib/x86_64-linux-gnu/libffi.so.6.0.1
7f49b2e7d000-7f49b2e7e000 r--p 00006000 08:05 4201172                    /usr/lib/x86_64-linux-gnu/libffi.so.6.0.1
7f49b2e7e000-7f49b2e7f000 rw-p 00007000 08:05 4201172                    /usr/lib/x86_64-linux-gnu/libffi.so.6.0.1
7f49b2e7f000-7f49b2ea6000 r-xp 00000000 08:05 5770205                    /lib/x86_64-linux-gnu/libexpat.so.1.6.0
7f49b2ea6000-7f49b30a6000 ---p 00027000 08:05 5770205                    /lib/x86_64-linux-gnu/libexpat.so.1.6.0
7f49b30a6000-7f49b30a8000 r--p 00027000 08:05 5770205                    /lib/x86_64-linux-gnu/libexpat.so.1.6.0
7f49b30a8000-7f49b30a9000 rw-p 00029000 08:05 5770205                    /lib/x86_64-linux-gnu/libexpat.so.1.6.0
7f49b30a9000-7f49b30b1000 r-xp 00000000 08:05 4208296                    /usr/lib/x86_64-linux-gnu/libthai.so.0.2.0
7f49b30b1000-7f49b32b0000 ---p 00008000 08:05 4208296                    /usr/lib/x86_64-linux-gnu/libthai.so.0.2.0
7f49b32b0000-7f49b32b1000 r--p 00007000 08:05 4208296                    /usr/lib/x86_64-linux-gnu/libthai.so.0.2.0
7f49b32b1000-7f49b32b2000 rw-p 00008000 08:05 4208296                    /usr/lib/x86_64-linux-gnu/libthai.so.0.2.0
7f49b32b2000-7f49b32cf000 r-xp 00000000 08:05 4208439                    /usr/lib/x86_64-linux-gnu/libxcb.so.1.1.0
7f49b32cf000-7f49b34cf000 ---p 0001d000 08:05 4208439                    /usr/lib/x86_64-linux-gnu/libxcb.so.1.1.0
7f49b34cf000-7f49b34d0000 r--p 0001d000 08:05 4208439                    /usr/lib/x86_64-linux-gnu/libxcb.so.1.1.0
7f49b34d0000-7f49b34d1000 rw-p 0001e000 08:05 4208439                    /usr/lib/x86_64-linux-gnu/libxcb.so.1.1.0
7f49b34d1000-7f49b34d9000 r-xp 00000000 08:05 4208425                    /usr/lib/x86_64-linux-gnu/libxcb-render.so.0.0.0
7f49b34d9000-7f49b36d8000 ---p 00008000 08:05 4208425                    /usr/lib/x86_64-linux-gnu/libxcb-render.so.0.0.0
7f49b36d8000-7f49b36d9000 r--p 00007000 08:05 4208425                    /usr/lib/x86_64-linux-gnu/libxcb-render.so.0.0.0
7f49b36d9000-7f49b36da000 rw-p 00008000 08:05 4208425                    /usr/lib/x86_64-linux-gnu/libxcb-render.so.0.0.0
7f49b36da000-7f49b36dc000 r-xp 00000000 08:05 4208429                    /usr/lib/x86_64-linux-gnu/libxcb-shm.so.0.0.0
7f49b36dc000-7f49b38db000 ---p 00002000 08:05 4208429                    /usr/lib/x86_64-linux-gnu/libxcb-shm.so.0.0.0
7f49b38db000-7f49b38dc000 r--p 00001000 08:05 4208429                    /usr/lib/x86_64-linux-gnu/libxcb-shm.so.0.0.0
7f49b38dc000-7f49b38dd000 rw-p 00002000 08:05 4208429                    /usr/lib/x86_64-linux-gnu/libxcb-shm.so.0.0.0
7f49b38dd000-7f49b3902000 r-xp 00000000 08:05 5775741                    /lib/x86_64-linux-gnu/libpng12.so.0.50.0
7f49b3902000-7f49b3b01000 ---p 00025000 08:05 5775741                    /lib/x86_64-linux-gnu/libpng12.so.0.50.0
7f49b3b01000-7f49b3b02000 r--p 00024000 08:05 5775741                    /lib/x86_64-linux-gnu/libpng12.so.0.50.0
7f49b3b02000-7f49b3b03000 rw-p 00025000 08:05 5775741                    /lib/x86_64-linux-gnu/libpng12.so.0.50.0
7f49b3b03000-7f49b3ba3000 r-xp 00000000 08:05 4202039                    /usr/lib/x86_64-linux-gnu/libpixman-1.so.0.30.2
7f49b3ba3000-7f49b3da3000 ---p 000a0000 08:05 4202039                    /usr/lib/x86_64-linux-gnu/libpixman-1.so.0.30.2
7f49b3da3000-7f49b3daa000 r--p 000a0000 08:05 4202039                    /usr/lib/x86_64-linux-gnu/libpixman-1.so.0.30.2
7f49b3daa000-7f49b3dab000 rw-p 000a7000 08:05 4202039                    /usr/lib/x86_64-linux-gnu/libpixman-1.so.0.30.2
7f49b3dab000-7f49b3dfe000 r-xp 00000000 08:05 4196453                    /usr/lib/x86_64-linux-gnu/libharfbuzz.so.0.927.0
7f49b3dfe000-7f49b3ffe000 ---p 00053000 08:05 4196453                    /usr/lib/x86_64-linux-gnu/libharfbuzz.so.0.927.0
7f49b3ffe000-7f49b3fff000 r--p 00053000 08:05 4196453                    /usr/lib/x86_64-linux-gnu/libharfbuzz.so.0.927.0
7f49b3fff000-7f49b4000000 rw-p 00054000 08:05 4196453                    /usr/lib/x86_64-linux-gnu/libharfbuzz.so.0.927.0
7f49b4000000-7f49b4021000 rw-p 00000000 00:00 0 
7f49b4021000-7f49b8000000 ---p 00000000 00:00 0 
7f49b8000000-7f49b89b1000 rw-p 00000000 00:00 0 
7f49b89b1000-7f49bc000000 ---p 00000000 00:00 0 
7f49bc000000-7f49bc96c000 rw-p 00000000 00:00 0 
7f49bc96c000-7f49c0000000 ---p 00000000 00:00 0 
7f49c0000000-7f49c0021000 rw-p 00000000 00:00 0 
7f49c0021000-7f49c4000000 ---p 00000000 00:00 0 
7f49c4000000-7f49c6714000 rw-p 00000000 00:00 0 
7f49c6714000-7f49c8000000 ---p 00000000 00:00 0 
7f49c8000000-7f49ca6b3000 rw-p 00000000 00:00 0 
7f49ca6b3000-7f49cc000000 ---p 00000000 00:00 0 
7f49cc000000-7f49cc0ca000 rw-p 00000000 00:00 0 
7f49cc0ca000-7f49d0000000 ---p 00000000 00:00 0 
7f49d0000000-7f49d0021000 rw-p 00000000 00:00 0 
7f49d0021000-7f49d4000000 ---p 00000000 00:00 0 
7f49d4000000-7f49d4021000 rw-p 00000000 00:00 0 
7f49d4021000-7f49d8000000 ---p 00000000 00:00 0 
7f49d8000000-7f49d82a8000 rw-p 00000000 00:00 0 
7f49d82a8000-7f49dc000000 ---p 00000000 00:00 0 
7f49dc000000-7f49dc021000 rw-p 00000000 00:00 0 
7f49dc021000-7f49e0000000 ---p 00000000 00:00 0 
7f49e0000000-7f49e0021000 rw-p 00000000 00:00 0 
7f49e0021000-7f49e4000000 ---p 00000000 00:00 0 
7f49e4000000-7f49e4021000 rw-p 00000000 00:00 0 
7f49e4021000-7f49e8000000 ---p 00000000 00:00 0 
7f49e8000000-7f49e820c000 rw-p 00000000 00:00 0 
7f49e820c000-7f49ec000000 ---p 00000000 00:00 0 
7f49ec000000-7f49ec021000 rw-p 00000000 00:00 0 
7f49ec021000-7f49f0000000 ---p 00000000 00:00 0 
7f49f0000000-7f49f0001000 r--s 00000000 08:05 1722424                    /var/cache/fontconfig/0d8c3b2ac0904cb8a57a757ad11a4a08-le64.cache-4
7f49f0001000-7f49f0008000 r--s 00000000 08:05 1719877                    /var/cache/fontconfig/3047814df9a2f067bd2d96a2b9c36e5a-le64.cache-4
7f49f0008000-7f49f001f000 r-xp 00000000 08:05 5770008                    /lib/x86_64-linux-gnu/libresolv-2.19.so
7f49f001f000-7f49f021f000 ---p 00017000 08:05 5770008                    /lib/x86_64-linux-gnu/libresolv-2.19.so
7f49f021f000-7f49f0220000 r--p 00017000 08:05 5770008                    /lib/x86_64-linux-gnu/libresolv-2.19.so
7f49f0220000-7f49f0221000 rw-p 00018000 08:05 5770008                    /lib/x86_64-linux-gnu/libresolv-2.19.so
7f49f0221000-7f49f0223000 rw-p 00000000 00:00 0 
7f49f0223000-7f49f0243000 r-xp 00000000 08:05 5771169                    /lib/x86_64-linux-gnu/libselinux.so.1
7f49f0243000-7f49f0442000 ---p 00020000 08:05 5771169                    /lib/x86_64-linux-gnu/libselinux.so.1
7f49f0442000-7f49f0443000 r--p 0001f000 08:05 5771169                    /lib/x86_64-linux-gnu/libselinux.so.1
7f49f0443000-7f49f0444000 rw-p 00020000 08:05 5771169                    /lib/x86_64-linux-gnu/libselinux.so.1
7f49f0444000-7f49f0446000 rw-p 00000000 00:00 0 
7f49f0446000-7f49f045e000 r-xp 00000000 08:05 5775971                    /lib/x86_64-linux-gnu/libz.so.1.2.8
7f49f045e000-7f49f065d000 ---p 00018000 08:05 5775971                    /lib/x86_64-linux-gnu/libz.so.1.2.8
7f49f065d000-7f49f065e000 r--p 00017000 08:05 5775971                    /lib/x86_64-linux-gnu/libz.so.1.2.8
7f49f065e000-7f49f065f000 rw-p 00018000 08:05 5775971                    /lib/x86_64-linux-gnu/libz.so.1.2.8
7f49f065f000-7f49f0670000 r-xp 00000000 08:05 4200401                    /usr/lib/x86_64-linux-gnu/libXext.so.6.4.0
7f49f0670000-7f49f086f000 ---p 00011000 08:05 4200401                    /usr/lib/x86_64-linux-gnu/libXext.so.6.4.0
7f49f086f000-7f49f0870000 r--p 00010000 08:05 4200401                    /usr/lib/x86_64-linux-gnu/libXext.so.6.4.0
7f49f0870000-7f49f0871000 rw-p 00011000 08:05 4200401                    /usr/lib/x86_64-linux-gnu/libXext.so.6.4.0
7f49f0871000-7f49f0873000 r-xp 00000000 08:05 4207323                    /usr/lib/x86_64-linux-gnu/libXdamage.so.1.1.0
7f49f0873000-7f49f0a72000 ---p 00002000 08:05 4207323                    /usr/lib/x86_64-linux-gnu/libXdamage.so.1.1.0
7f49f0a72000-7f49f0a73000 r--p 00001000 08:05 4207323                    /usr/lib/x86_64-linux-gnu/libXdamage.so.1.1.0
7f49f0a73000-7f49f0a74000 rw-p 00002000 08:05 4207323                    /usr/lib/x86_64-linux-gnu/libXdamage.so.1.1.0
7f49f0a74000-7f49f0a76000 r-xp 00000000 08:05 4207319                    /usr/lib/x86_64-linux-gnu/libXcomposite.so.1.0.0
7f49f0a76000-7f49f0c75000 ---p 00002000 08:05 4207319                    /usr/lib/x86_64-linux-gnu/libXcomposite.so.1.0.0
7f49f0c75000-7f49f0c76000 r--p 00001000 08:05 4207319                    /usr/lib/x86_64-linux-gnu/libXcomposite.so.1.0.0
7f49f0c76000-7f49f0c77000 rw-p 00002000 08:05 4207319                    /usr/lib/x86_64-linux-gnu/libXcomposite.so.1.0.0
7f49f0c77000-7f49f0c80000 r-xp 00000000 08:05 4207321                    /usr/lib/x86_64-linux-gnu/libXcursor.so.1.0.2
7f49f0c80000-7f49f0e7f000 ---p 00009000 08:05 4207321                    /usr/lib/x86_64-linux-gnu/libXcursor.so.1.0.2
7f49f0e7f000-7f49f0e80000 r--p 00008000 08:05 4207321                    /usr/lib/x86_64-linux-gnu/libXcursor.so.1.0.2
7f49f0e80000-7f49f0e81000 rw-p 00009000 08:05 4207321                    /usr/lib/x86_64-linux-gnu/libXcursor.so.1.0.2
7f49f0e81000-7f49f0e8a000 r-xp 00000000 08:05 4207347                    /usr/lib/x86_64-linux-gnu/libXrandr.so.2.2.0
7f49f0e8a000-7f49f1089000 ---p 00009000 08:05 4207347                    /usr/lib/x86_64-linux-gnu/libXrandr.so.2.2.0
7f49f1089000-7f49f108a000 r--p 00008000 08:05 4207347                    /usr/lib/x86_64-linux-gnu/libXrandr.so.2.2.0
7f49f108a000-7f49f108b000 rw-p 00009000 08:05 4207347                    /usr/lib/x86_64-linux-gnu/libXrandr.so.2.2.0
7f49f108b000-7f49f109a000 r-xp 00000000 08:05 4200407                    /usr/lib/x86_64-linux-gnu/libXi.so.6.1.0
7f49f109a000-7f49f1299000 ---p 0000f000 08:05 4200407                    /usr/lib/x86_64-linux-gnu/libXi.so.6.1.0
7f49f1299000-7f49f129a000 r--p 0000e000 08:05 4200407                    /usr/lib/x86_64-linux-gnu/libXi.so.6.1.0
7f49f129a000-7f49f129b000 rw-p 0000f000 08:05 4200407                    /usr/lib/x86_64-linux-gnu/libXi.so.6.1.0
7f49f129b000-7f49f129d000 r-xp 00000000 08:05 4207337                    /usr/lib/x86_64-linux-gnu/libXinerama.so.1.0.0
7f49f129d000-7f49f149c000 ---p 00002000 08:05 4207337                    /usr/lib/x86_64-linux-gnu/libXinerama.so.1.0.0
7f49f149c000-7f49f149d000 r--p 00001000 08:05 4207337                    /usr/lib/x86_64-linux-gnu/libXinerama.so.1.0.0
7f49f149d000-7f49f149e000 rw-p 00002000 08:05 4207337                    /usr/lib/x86_64-linux-gnu/libXinerama.so.1.0.0
7f49f149e000-7f49f14a7000 r-xp 00000000 08:05 4200414                    /usr/lib/x86_64-linux-gnu/libXrender.so.1.3.0
7f49f14a7000-7f49f16a6000 ---p 00009000 08:05 4200414                    /usr/lib/x86_64-linux-gnu/libXrender.so.1.3.0
7f49f16a6000-7f49f16a7000 r--p 00008000 08:05 4200414                    /usr/lib/x86_64-linux-gnu/libXrender.so.1.3.0
7f49f16a7000-7f49f16a8000 rw-p 00009000 08:05 4200414                    /usr/lib/x86_64-linux-gnu/libXrender.so.1.3.0
7f49f16a8000-7f49f16ad000 r-xp 00000000 08:05 4200403                    /usr/lib/x86_64-linux-gnu/libXfixes.so.3.1.0
7f49f16ad000-7f49f18ac000 ---p 00005000 08:05 4200403                    /usr/lib/x86_64-linux-gnu/libXfixes.so.3.1.0
7f49f18ac000-7f49f18ad000 r--p 00004000 08:05 4200403                    /usr/lib/x86_64-linux-gnu/libXfixes.so.3.1.0
7f49f18ad000-7f49f18ae000 rw-p 00005000 08:05 4200403                    /usr/lib/x86_64-linux-gnu/libXfixes.so.3.1.0
7f49f18ae000-7f49f18c4000 r-xp 00000000 08:05 5770336                    /lib/x86_64-linux-gnu/libgcc_s.so.1
7f49f18c4000-7f49f1ac3000 ---p 00016000 08:05 5770336                    /lib/x86_64-linux-gnu/libgcc_s.so.1
7f49f1ac3000-7f49f1ac4000 rw-p 00015000 08:05 5770336                    /lib/x86_64-linux-gnu/libgcc_s.so.1
7f49f1ac4000-7f49f1baa000 r-xp 00000000 08:05 4198590                    /usr/lib/x86_64-linux-gnu/libstdc++.so.6.0.19
7f49f1baa000-7f49f1da9000 ---p 000e6000 08:05 4198590                    /usr/lib/x86_64-linux-gnu/libstdc++.so.6.0.19
7f49f1da9000-7f49f1db1000 r--p 000e5000 08:05 4198590                    /usr/lib/x86_64-linux-gnu/libstdc++.so.6.0.19
7f49f1db1000-7f49f1db3000 rw-p 000ed000 08:05 4198590                    /usr/lib/x86_64-linux-gnu/libstdc++.so.6.0.19
7f49f1db3000-7f49f1dc8000 rw-p 00000000 00:00 0 
7f49f1dc8000-7f49f1ea5000 r-xp 00000000 08:05 4194346                    /usr/lib/libGL.so.331.113
7f49f1ea5000-7f49f20a4000 ---p 000dd000 08:05 4194346                    /usr/lib/libGL.so.331.113
7f49f20a4000-7f49f20e4000 rwxp 000dc000 08:05 4194346                    /usr/lib/libGL.so.331.113
7f49f20e4000-7f49f20fb000 rwxp 00000000 00:00 0 
7f49f20fb000-7f49f20ff000 r-xp 00000000 08:05 4207365                    /usr/lib/x86_64-linux-gnu/libXxf86vm.so.1.0.0
7f49f20ff000-7f49f22ff000 ---p 00004000 08:05 4207365                    /usr/lib/x86_64-linux-gnu/libXxf86vm.so.1.0.0
7f49f22ff000-7f49f2300000 r--p 00004000 08:05 4207365                    /usr/lib/x86_64-linux-gnu/libXxf86vm.so.1.0.0
7f49f2300000-7f49f2301000 rw-p 00005000 08:05 4207365                    /usr/lib/x86_64-linux-gnu/libXxf86vm.so.1.0.0
7f49f2301000-7f49f2431000 r-xp 00000000 08:05 4207301                    /usr/lib/x86_64-linux-gnu/libX11.so.6.3.0
7f49f2431000-7f49f2631000 ---p 00130000 08:05 4207301                    /usr/lib/x86_64-linux-gnu/libX11.so.6.3.0
7f49f2631000-7f49f2632000 r--p 00130000 08:05 4207301                    /usr/lib/x86_64-linux-gnu/libX11.so.6.3.0
7f49f2632000-7f49f2636000 rw-p 00131000 08:05 4207301                    /usr/lib/x86_64-linux-gnu/libX11.so.6.3.0
7f49f2636000-7f49f263b000 r-xp 00000000 08:05 4207355                    /usr/lib/x86_64-linux-gnu/libXtst.so.6.1.0
7f49f263b000-7f49f283a000 ---p 00005000 08:05 4207355                    /usr/lib/x86_64-linux-gnu/libXtst.so.6.1.0
7f49f283a000-7f49f283b000 r--p 00004000 08:05 4207355                    /usr/lib/x86_64-linux-gnu/libXtst.so.6.1.0
7f49f283b000-7f49f283c000 rw-p 00005000 08:05 4207355                    /usr/lib/x86_64-linux-gnu/libXtst.so.6.1.0
7f49f283c000-7f49f2942000 r-xp 00000000 08:05 5767310                    /lib/x86_64-linux-gnu/libglib-2.0.so.0.4002.0
7f49f2942000-7f49f2b41000 ---p 00106000 08:05 5767310                    /lib/x86_64-linux-gnu/libglib-2.0.so.0.4002.0
7f49f2b41000-7f49f2b42000 r--p 00105000 08:05 5767310                    /lib/x86_64-linux-gnu/libglib-2.0.so.0.4002.0
7f49f2b42000-7f49f2b43000 rw-p 00106000 08:05 5767310                    /lib/x86_64-linux-gnu/libglib-2.0.so.0.4002.0
7f49f2b43000-7f49f2b44000 rw-p 00000000 00:00 0 
7f49f2b44000-7f49f2b45000 r-xp 00000000 08:05 4194692                    /usr/lib/x86_64-linux-gnu/libgthread-2.0.so.0.4002.0
7f49f2b45000-7f49f2d44000 ---p 00001000 08:05 4194692                    /usr/lib/x86_64-linux-gnu/libgthread-2.0.so.0.4002.0
7f49f2d44000-7f49f2d45000 r--p 00000000 08:05 4194692                    /usr/lib/x86_64-linux-gnu/libgthread-2.0.so.0.4002.0
7f49f2d45000-7f49f2d46000 rw-p 00001000 08:05 4194692                    /usr/lib/x86_64-linux-gnu/libgthread-2.0.so.0.4002.0
7f49f2d46000-7f49f2d49000 r-xp 00000000 08:05 4194671                    /usr/lib/x86_64-linux-gnu/libgmodule-2.0.so.0.4002.0
7f49f2d49000-7f49f2f48000 ---p 00003000 08:05 4194671                    /usr/lib/x86_64-linux-gnu/libgmodule-2.0.so.0.4002.0
7f49f2f48000-7f49f2f49000 r--p 00002000 08:05 4194671                    /usr/lib/x86_64-linux-gnu/libgmodule-2.0.so.0.4002.0
7f49f2f49000-7f49f2f4a000 rw-p 00003000 08:05 4194671                    /usr/lib/x86_64-linux-gnu/libgmodule-2.0.so.0.4002.0
7f49f2f4a000-7f49f2f99000 r-xp 00000000 08:05 4194689                    /usr/lib/x86_64-linux-gnu/libgobject-2.0.so.0.4002.0
7f49f2f99000-7f49f3199000 ---p 0004f000 08:05 4194689                    /usr/lib/x86_64-linux-gnu/libgobject-2.0.so.0.4002.0
7f49f3199000-7f49f319a000 r--p 0004f000 08:05 4194689                    /usr/lib/x86_64-linux-gnu/libgobject-2.0.so.0.4002.0
7f49f319a000-7f49f319b000 rw-p 00050000 08:05 4194689                    /usr/lib/x86_64-linux-gnu/libgobject-2.0.so.0.4002.0
7f49f319b000-7f49f31d5000 r-xp 00000000 08:05 4195384                    /usr/lib/x86_64-linux-gnu/libfontconfig.so.1.8.0
7f49f31d5000-7f49f33d4000 ---p 0003a000 08:05 4195384                    /usr/lib/x86_64-linux-gnu/libfontconfig.so.1.8.0
7f49f33d4000-7f49f33d6000 r--p 00039000 08:05 4195384                    /usr/lib/x86_64-linux-gnu/libfontconfig.so.1.8.0
7f49f33d6000-7f49f33d7000 rw-p 0003b000 08:05 4195384                    /usr/lib/x86_64-linux-gnu/libfontconfig.so.1.8.0
7f49f33d7000-7f49f3474000 r-xp 00000000 08:05 4198331                    /usr/lib/x86_64-linux-gnu/libfreetype.so.6.11.1
7f49f3474000-7f49f3673000 ---p 0009d000 08:05 4198331                    /usr/lib/x86_64-linux-gnu/libfreetype.so.6.11.1
7f49f3673000-7f49f3679000 r--p 0009c000 08:05 4198331                    /usr/lib/x86_64-linux-gnu/libfreetype.so.6.11.1
7f49f3679000-7f49f367a000 rw-p 000a2000 08:05 4198331                    /usr/lib/x86_64-linux-gnu/libfreetype.so.6.11.1
7f49f367a000-7f49f36c4000 r-xp 00000000 08:05 4196198                    /usr/lib/x86_64-linux-gnu/libpango-1.0.so.0.3600.3
7f49f36c4000-7f49f38c4000 ---p 0004a000 08:05 4196198                    /usr/lib/x86_64-linux-gnu/libpango-1.0.so.0.3600.3
7f49f38c4000-7f49f38c6000 r--p 0004a000 08:05 4196198                    /usr/lib/x86_64-linux-gnu/libpango-1.0.so.0.3600.3
7f49f38c6000-7f49f38c7000 rw-p 0004c000 08:05 4196198                    /usr/lib/x86_64-linux-gnu/libpango-1.0.so.0.3600.3
7f49f38c7000-7f49f39cd000 r-xp 00000000 08:05 4197497                    /usr/lib/x86_64-linux-gnu/libcairo.so.2.11301.0
7f49f39cd000-7f49f3bcc000 ---p 00106000 08:05 4197497                    /usr/lib/x86_64-linux-gnu/libcairo.so.2.11301.0
7f49f3bcc000-7f49f3bcf000 r--p 00105000 08:05 4197497                    /usr/lib/x86_64-linux-gnu/libcairo.so.2.11301.0
7f49f3bcf000-7f49f3bd0000 rw-p 00108000 08:05 4197497                    /usr/lib/x86_64-linux-gnu/libcairo.so.2.11301.0
7f49f3bd0000-7f49f3bd2000 rw-p 00000000 00:00 0 
7f49f3bd2000-7f49f3bdd000 r-xp 00000000 08:05 4196196                    /usr/lib/x86_64-linux-gnu/libpangocairo-1.0.so.0.3600.3
7f49f3bdd000-7f49f3ddd000 ---p 0000b000 08:05 4196196                    /usr/lib/x86_64-linux-gnu/libpangocairo-1.0.so.0.3600.3
7f49f3ddd000-7f49f3dde000 r--p 0000b000 08:05 4196196                    /usr/lib/x86_64-linux-gnu/libpangocairo-1.0.so.0.3600.3
7f49f3dde000-7f49f3ddf000 rw-p 0000c000 08:05 4196196                    /usr/lib/x86_64-linux-gnu/libpangocairo-1.0.so.0.3600.3
7f49f3ddf000-7f49f3dff000 r-xp 00000000 08:05 4196525                    /usr/lib/x86_64-linux-gnu/libgdk_pixbuf-2.0.so.0.3000.7
7f49f3dff000-7f49f3ffe000 ---p 00020000 08:05 4196525                    /usr/lib/x86_64-linux-gnu/libgdk_pixbuf-2.0.so.0.3000.7
7f49f3ffe000-7f49f3fff000 r--p 0001f000 08:05 4196525                    /usr/lib/x86_64-linux-gnu/libgdk_pixbuf-2.0.so.0.3000.7
7f49f3fff000-7f49f4000000 rw-p 00020000 08:05 4196525                    /usr/lib/x86_64-linux-gnu/libgdk_pixbuf-2.0.so.0.3000.7
7f49f4000000-7f49f4021000 rw-p 00000000 00:00 0 
7f49f4021000-7f49f8000000 ---p 00000000 00:00 0 
7f49f8000000-7f49f8001000 r--s 00000000 08:05 1722398                    /var/cache/fontconfig/1ac9eb803944fde146138c791f5cc56a-le64.cache-4
7f49f8001000-7f49f8006000 r--s 00000000 08:05 1717874                    /var/cache/fontconfig/8801497958630a81b71ace7c5f9b32a8-le64.cache-4
7f49f8006000-7f49f8046000 rw-s 1eb031000 00:05 12116                     /dev/nvidia0
7f49f8046000-7f49f805a000 r-xp 00000000 08:05 4196608                    /usr/lib/x86_64-linux-gnu/libpangoft2-1.0.so.0.3600.3
7f49f805a000-7f49f8259000 ---p 00014000 08:05 4196608                    /usr/lib/x86_64-linux-gnu/libpangoft2-1.0.so.0.3600.3
7f49f8259000-7f49f825a000 r--p 00013000 08:05 4196608                    /usr/lib/x86_64-linux-gnu/libpangoft2-1.0.so.0.3600.3
7f49f825a000-7f49f825b000 rw-p 00014000 08:05 4196608                    /usr/lib/x86_64-linux-gnu/libpangoft2-1.0.so.0.3600.3
7f49f825b000-7f49f83c7000 r-xp 00000000 08:05 4194693                    /usr/lib/x86_64-linux-gnu/libgio-2.0.so.0.4002.0
7f49f83c7000-7f49f85c6000 ---p 0016c000 08:05 4194693                    /usr/lib/x86_64-linux-gnu/libgio-2.0.so.0.4002.0
7f49f85c6000-7f49f85ca000 r--p 0016b000 08:05 4194693                    /usr/lib/x86_64-linux-gnu/libgio-2.0.so.0.4002.0
7f49f85ca000-7f49f85cc000 rw-p 0016f000 08:05 4194693                    /usr/lib/x86_64-linux-gnu/libgio-2.0.so.0.4002.0
7f49f85cc000-7f49f85ce000 rw-p 00000000 00:00 0 
7f49f85ce000-7f49f85ed000 r-xp 00000000 08:05 4207455                    /usr/lib/x86_64-linux-gnu/libatk-1.0.so.0.21009.1
7f49f85ed000-7f49f87ed000 ---p 0001f000 08:05 4207455                    /usr/lib/x86_64-linux-gnu/libatk-1.0.so.0.21009.1
7f49f87ed000-7f49f87ef000 r--p 0001f000 08:05 4207455                    /usr/lib/x86_64-linux-gnu/libatk-1.0.so.0.21009.1
7f49f87ef000-7f49f87f0000 rw-p 00021000 08:05 4207455                    /usr/lib/x86_64-linux-gnu/libatk-1.0.so.0.21009.1
7f49f87f0000-7f49f889d000 r-xp 00000000 08:05 4195846                    /usr/lib/x86_64-linux-gnu/libgdk-x11-2.0.so.0.2400.23
7f49f889d000-7f49f8a9d000 ---p 000ad000 08:05 4195846                    /usr/lib/x86_64-linux-gnu/libgdk-x11-2.0.so.0.2400.23
7f49f8a9d000-7f49f8aa1000 r--p 000ad000 08:05 4195846                    /usr/lib/x86_64-linux-gnu/libgdk-x11-2.0.so.0.2400.23
7f49f8aa1000-7f49f8aa3000 rw-p 000b1000 08:05 4195846                    /usr/lib/x86_64-linux-gnu/libgdk-x11-2.0.so.0.2400.23
7f49f8aa3000-7f49f8ed3000 r-xp 00000000 08:05 4196586                    /usr/lib/x86_64-linux-gnu/libgtk-x11-2.0.so.0.2400.23
7f49f8ed3000-7f49f90d2000 ---p 00430000 08:05 4196586                    /usr/lib/x86_64-linux-gnu/libgtk-x11-2.0.so.0.2400.23
7f49f90d2000-7f49f90d9000 r--p 0042f000 08:05 4196586                    /usr/lib/x86_64-linux-gnu/libgtk-x11-2.0.so.0.2400.23
7f49f90d9000-7f49f90dd000 rw-p 00436000 08:05 4196586                    /usr/lib/x86_64-linux-gnu/libgtk-x11-2.0.so.0.2400.23
7f49f90dd000-7f49f90e0000 rw-p 00000000 00:00 0 
7f49f90e0000-7f49f90ec000 r-xp 00000000 08:05 1350889                    /home/eduarddrenth/jdk1.8.0_31/jre/lib/amd64/libprism_es2.so
7f49f90ec000-7f49f92eb000 ---p 0000c000 08:05 1350889                    /home/eduarddrenth/jdk1.8.0_31/jre/lib/amd64/libprism_es2.so
7f49f92eb000-7f49f92ec000 r--p 0000b000 08:05 1350889                    /home/eduarddrenth/jdk1.8.0_31/jre/lib/amd64/libprism_es2.so
7f49f92ec000-7f49f92ed000 rw-p 0000c000 08:05 1350889                    /home/eduarddrenth/jdk1.8.0_31/jre/lib/amd64/libprism_es2.so
7f49f92ed000-7f49f92f0000 ---p 00000000 00:00 0 
7f49f92f0000-7f49f93ee000 rw-p 00000000 00:00 0                          [stack:16089]
7f49f93ee000-7f49f947a000 r--s 00fea000 08:05 1460119                    /home/eduarddrenth/jdk1.8.0_31/jre/lib/ext/jfxrt.jar
7f49f947a000-7f49f9536000 r--s 00c2e000 08:05 1056112                    /home/eduarddrenth/VectorPrintReportGUI/target/VectorPrintReportGUI-2.1.jar
7f49f9536000-7f49f9537000 ---p 00000000 00:00 0 
7f49f9537000-7f49f9637000 rw-p 00000000 00:00 0                          [stack:16087]
7f49f9637000-7f49f963a000 ---p 00000000 00:00 0 
7f49f963a000-7f49f9738000 rw-p 00000000 00:00 0                          [stack:16086]
7f49f9738000-7f49f973b000 ---p 00000000 00:00 0 
7f49f973b000-7f49f9839000 rw-p 00000000 00:00 0                          [stack:16085]
7f49f9839000-7f49f983c000 ---p 00000000 00:00 0 
7f49f983c000-7f49f993a000 rw-p 00000000 00:00 0                          [stack:16084]
7f49f993a000-7f49f993d000 ---p 00000000 00:00 0 
7f49f993d000-7f49f9a3b000 rw-p 00000000 00:00 0                          [stack:16083]
7f49f9a3b000-7f49f9a3e000 ---p 00000000 00:00 0 
7f49f9a3e000-7f49f9b3c000 rw-p 00000000 00:00 0                          [stack:16076]
7f49f9b3c000-7f49f9b3f000 ---p 00000000 00:00 0 
7f49f9b3f000-7f49f9c3d000 rw-p 00000000 00:00 0                          [stack:16075]
7f49f9c3d000-7f49f9c40000 ---p 00000000 00:00 0 
7f49f9c40000-7f49f9d3e000 rw-p 00000000 00:00 0                          [stack:16074]
7f49f9d3e000-7f49f9d42000 r-xp 00000000 08:05 1350860                    /home/eduarddrenth/jdk1.8.0_31/jre/lib/amd64/libdt_socket.so
7f49f9d42000-7f49f9f41000 ---p 00004000 08:05 1350860                    /home/eduarddrenth/jdk1.8.0_31/jre/lib/amd64/libdt_socket.so
7f49f9f41000-7f49f9f42000 rw-p 00003000 08:05 1350860                    /home/eduarddrenth/jdk1.8.0_31/jre/lib/amd64/libdt_socket.so
7f49f9f42000-7f49f9f45000 ---p 00000000 00:00 0 
7f49f9f45000-7f49fa043000 rw-p 00000000 00:00 0                          [stack:16073]
7f49fa043000-7f49fa046000 ---p 00000000 00:00 0 
7f49fa046000-7f49fa144000 rw-p 00000000 00:00 0                          [stack:16072]
7f49fa144000-7f49fa147000 ---p 00000000 00:00 0 
7f49fa147000-7f49fa245000 rw-p 00000000 00:00 0                          [stack:16071]
7f49fa245000-7f49fa246000 ---p 00000000 00:00 0 
7f49fa246000-7f49fb255000 rw-p 00000000 00:00 0                          [stack:16070]
7f49fb255000-7f49fb42b000 r--s 03cae000 08:05 1350834                    /home/eduarddrenth/jdk1.8.0_31/jre/lib/rt.jar
7f49fb42b000-7f49fc000000 rw-p 00000000 00:00 0 
7f49fc000000-7f49fc021000 rw-p 00000000 00:00 0 
7f49fc021000-7f4a00000000 ---p 00000000 00:00 0 
7f4a00000000-7f4a00006000 r--s 00000000 08:05 1719552                    /var/cache/fontconfig/b47c4e1ecd0709278f4910c18777a504-le64.cache-4
7f4a00006000-7f4a00022000 r--s 00393000 08:05 1460116                    /home/eduarddrenth/jdk1.8.0_31/jre/lib/ext/cldrdata.jar
7f4a00022000-7f4a00062000 rw-s b9f19000 00:05 12116                      /dev/nvidia0
7f4a00062000-7f4a03db2000 rw-p 00000000 00:00 0 
7f4a03db2000-7f4a03db3000 ---p 00000000 00:00 0 
7f4a03db3000-7f4a03eb3000 rw-p 00000000 00:00 0                          [stack:16069]
7f4a03eb3000-7f4a03eb4000 ---p 00000000 00:00 0 
7f4a03eb4000-7f4a03fb4000 rw-p 00000000 00:00 0                          [stack:16068]
7f4a03fb4000-7f4a03fb5000 ---p 00000000 00:00 0 
7f4a03fb5000-7f4a040b5000 rw-p 00000000 00:00 0                          [stack:16067]
7f4a040b5000-7f4a040b6000 ---p 00000000 00:00 0 
7f4a040b6000-7f4a041d9000 rw-p 00000000 00:00 0                          [stack:16066]
7f4a041d9000-7f4a04444000 ---p 00000000 00:00 0 
7f4a04444000-7f4a04467000 rw-p 00000000 00:00 0 
7f4a04467000-7f4a046d2000 ---p 00000000 00:00 0 
7f4a046d2000-7f4a04757000 rw-p 00000000 00:00 0 
7f4a04757000-7f4a04819000 ---p 00000000 00:00 0 
7f4a04819000-7f4a04862000 rw-p 00000000 00:00 0 
7f4a04862000-7f4a04bda000 ---p 00000000 00:00 0 
7f4a04bda000-7f4a05daa000 rwxp 00000000 00:00 0 
7f4a05daa000-7f4a13bda000 ---p 00000000 00:00 0 
7f4a13bda000-7f4a13bf4000 r-xp 00000000 08:05 1350881                    /home/eduarddrenth/jdk1.8.0_31/jre/lib/amd64/libzip.so
7f4a13bf4000-7f4a13df4000 ---p 0001a000 08:05 1350881                    /home/eduarddrenth/jdk1.8.0_31/jre/lib/amd64/libzip.so
7f4a13df4000-7f4a13df5000 rw-p 0001a000 08:05 1350881                    /home/eduarddrenth/jdk1.8.0_31/jre/lib/amd64/libzip.so
7f4a13df5000-7f4a13dff000 r-xp 00000000 08:05 5775923                    /lib/x86_64-linux-gnu/libnss_files-2.19.so
7f4a13dff000-7f4a13ffe000 ---p 0000a000 08:05 5775923                    /lib/x86_64-linux-gnu/libnss_files-2.19.so
7f4a13ffe000-7f4a13fff000 r--p 00009000 08:05 5775923                    /lib/x86_64-linux-gnu/libnss_files-2.19.so
7f4a13fff000-7f4a14000000 rw-p 0000a000 08:05 5775923                    /lib/x86_64-linux-gnu/libnss_files-2.19.so
7f4a14000000-7f4a1452f000 rw-p 00000000 00:00 0 
7f4a1452f000-7f4a18000000 ---p 00000000 00:00 0 
7f4a18000000-7f4a18001000 r--s 00000000 08:05 1722394                    /var/cache/fontconfig/dc05db6664285cc2f12bf69c139ae4c3-le64.cache-4
7f4a18001000-7f4a18005000 r--s 00000000 08:05 1729034                    /var/cache/fontconfig/c57959a16110560c8d0fcea73374aeeb-le64.cache-4
7f4a18005000-7f4a18012000 r--s 00000000 08:05 1717011                    /var/cache/fontconfig/e13b20fdb08344e0e664864cc2ede53d-le64.cache-4
7f4a18012000-7f4a18023000 r--p 00000000 08:05 1051560                    /home/eduarddrenth/.config/dconf/user
7f4a18023000-7f4a180e8000 rw-p 00000000 00:00 0 
7f4a180e8000-7f4a180f3000 r-xp 00000000 08:05 5775505                    /lib/x86_64-linux-gnu/libnss_nis-2.19.so
7f4a180f3000-7f4a182f2000 ---p 0000b000 08:05 5775505                    /lib/x86_64-linux-gnu/libnss_nis-2.19.so
7f4a182f2000-7f4a182f3000 r--p 0000a000 08:05 5775505                    /lib/x86_64-linux-gnu/libnss_nis-2.19.so
7f4a182f3000-7f4a182f4000 rw-p 0000b000 08:05 5775505                    /lib/x86_64-linux-gnu/libnss_nis-2.19.so
7f4a182f4000-7f4a1830b000 r-xp 00000000 08:05 5775186                    /lib/x86_64-linux-gnu/libnsl-2.19.so
7f4a1830b000-7f4a1850a000 ---p 00017000 08:05 5775186                    /lib/x86_64-linux-gnu/libnsl-2.19.so
7f4a1850a000-7f4a1850b000 r--p 00016000 08:05 5775186                    /lib/x86_64-linux-gnu/libnsl-2.19.so
7f4a1850b000-7f4a1850c000 rw-p 00017000 08:05 5775186                    /lib/x86_64-linux-gnu/libnsl-2.19.so
7f4a1850c000-7f4a1850e000 rw-p 00000000 00:00 0 
7f4a1850e000-7f4a18517000 r-xp 00000000 08:05 5775161                    /lib/x86_64-linux-gnu/libnss_compat-2.19.so
7f4a18517000-7f4a18716000 ---p 00009000 08:05 5775161                    /lib/x86_64-linux-gnu/libnss_compat-2.19.so
7f4a18716000-7f4a18717000 r--p 00008000 08:05 5775161                    /lib/x86_64-linux-gnu/libnss_compat-2.19.so
7f4a18717000-7f4a18718000 rw-p 00009000 08:05 5775161                    /lib/x86_64-linux-gnu/libnss_compat-2.19.so
7f4a18718000-7f4a18e02000 r--p 00000000 08:05 4202840                    /usr/lib/locale/locale-archive
7f4a18e02000-7f4a18e04000 r-xp 00000000 08:05 1350861                    /home/eduarddrenth/jdk1.8.0_31/jre/lib/amd64/libnpt.so
7f4a18e04000-7f4a19004000 ---p 00002000 08:05 1350861                    /home/eduarddrenth/jdk1.8.0_31/jre/lib/amd64/libnpt.so
7f4a19004000-7f4a19005000 rw-p 00002000 08:05 1350861                    /home/eduarddrenth/jdk1.8.0_31/jre/lib/amd64/libnpt.so
7f4a19005000-7f4a1903e000 r-xp 00000000 08:05 1350872                    /home/eduarddrenth/jdk1.8.0_31/jre/lib/amd64/libjdwp.so
7f4a1903e000-7f4a1923d000 ---p 00039000 08:05 1350872                    /home/eduarddrenth/jdk1.8.0_31/jre/lib/amd64/libjdwp.so
7f4a1923d000-7f4a1923f000 rw-p 00038000 08:05 1350872                    /home/eduarddrenth/jdk1.8.0_31/jre/lib/amd64/libjdwp.so
7f4a1923f000-7f4a19269000 r-xp 00000000 08:05 1350876                    /home/eduarddrenth/jdk1.8.0_31/jre/lib/amd64/libjava.so
7f4a19269000-7f4a19469000 ---p 0002a000 08:05 1350876                    /home/eduarddrenth/jdk1.8.0_31/jre/lib/amd64/libjava.so
7f4a19469000-7f4a1946b000 rw-p 0002a000 08:05 1350876                    /home/eduarddrenth/jdk1.8.0_31/jre/lib/amd64/libjava.so
7f4a1946b000-7f4a19478000 r-xp 00000000 08:05 1350880                    /home/eduarddrenth/jdk1.8.0_31/jre/lib/amd64/libverify.so
7f4a19478000-7f4a19678000 ---p 0000d000 08:05 1350880                    /home/eduarddrenth/jdk1.8.0_31/jre/lib/amd64/libverify.so
7f4a19678000-7f4a1967a000 rw-p 0000d000 08:05 1350880                    /home/eduarddrenth/jdk1.8.0_31/jre/lib/amd64/libverify.so
7f4a1967a000-7f4a19681000 r-xp 00000000 08:05 5775775                    /lib/x86_64-linux-gnu/librt-2.19.so
7f4a19681000-7f4a19880000 ---p 00007000 08:05 5775775                    /lib/x86_64-linux-gnu/librt-2.19.so
7f4a19880000-7f4a19881000 r--p 00006000 08:05 5775775                    /lib/x86_64-linux-gnu/librt-2.19.so
7f4a19881000-7f4a19882000 rw-p 00007000 08:05 5775775                    /lib/x86_64-linux-gnu/librt-2.19.so
7f4a19882000-7f4a19987000 r-xp 00000000 08:05 5770152                    /lib/x86_64-linux-gnu/libm-2.19.so
7f4a19987000-7f4a19b86000 ---p 00105000 08:05 5770152                    /lib/x86_64-linux-gnu/libm-2.19.so
7f4a19b86000-7f4a19b87000 r--p 00104000 08:05 5770152                    /lib/x86_64-linux-gnu/libm-2.19.so
7f4a19b87000-7f4a19b88000 rw-p 00105000 08:05 5770152                    /lib/x86_64-linux-gnu/libm-2.19.so
7f4a19b88000-7f4a1a7f6000 r-xp 00000000 08:05 1460311                    /home/eduarddrenth/jdk1.8.0_31/jre/lib/amd64/server/libjvm.so
7f4a1a7f6000-7f4a1a9f5000 ---p 00c6e000 08:05 1460311                    /home/eduarddrenth/jdk1.8.0_31/jre/lib/amd64/server/libjvm.so
7f4a1a9f5000-7f4a1aacb000 rw-p 00c6d000 08:05 1460311                    /home/eduarddrenth/jdk1.8.0_31/jre/lib/amd64/server/libjvm.so
7f4a1aacb000-7f4a1ab0e000 rw-p 00000000 00:00 0 
7f4a1ab0e000-7f4a1acc8000 r-xp 00000000 08:05 5775786                    /lib/x86_64-linux-gnu/libc-2.19.so
7f4a1acc8000-7f4a1aec8000 ---p 001ba000 08:05 5775786                    /lib/x86_64-linux-gnu/libc-2.19.so
7f4a1aec8000-7f4a1aecc000 r--p 001ba000 08:05 5775786                    /lib/x86_64-linux-gnu/libc-2.19.so
7f4a1aecc000-7f4a1aece000 rw-p 001be000 08:05 5775786                    /lib/x86_64-linux-gnu/libc-2.19.so
7f4a1aece000-7f4a1aed3000 rw-p 00000000 00:00 0 
7f4a1aed3000-7f4a1aed6000 r-xp 00000000 08:05 5770299                    /lib/x86_64-linux-gnu/libdl-2.19.so
7f4a1aed6000-7f4a1b0d5000 ---p 00003000 08:05 5770299                    /lib/x86_64-linux-gnu/libdl-2.19.so
7f4a1b0d5000-7f4a1b0d6000 r--p 00002000 08:05 5770299                    /lib/x86_64-linux-gnu/libdl-2.19.so
7f4a1b0d6000-7f4a1b0d7000 rw-p 00003000 08:05 5770299                    /lib/x86_64-linux-gnu/libdl-2.19.so
7f4a1b0d7000-7f4a1b0ec000 r-xp 00000000 08:05 1460307                    /home/eduarddrenth/jdk1.8.0_31/jre/lib/amd64/jli/libjli.so
7f4a1b0ec000-7f4a1b2eb000 ---p 00015000 08:05 1460307                    /home/eduarddrenth/jdk1.8.0_31/jre/lib/amd64/jli/libjli.so
7f4a1b2eb000-7f4a1b2ec000 rw-p 00014000 08:05 1460307                    /home/eduarddrenth/jdk1.8.0_31/jre/lib/amd64/jli/libjli.so
7f4a1b2ec000-7f4a1b305000 r-xp 00000000 08:05 5775188                    /lib/x86_64-linux-gnu/libpthread-2.19.so
7f4a1b305000-7f4a1b504000 ---p 00019000 08:05 5775188                    /lib/x86_64-linux-gnu/libpthread-2.19.so
7f4a1b504000-7f4a1b505000 r--p 00018000 08:05 5775188                    /lib/x86_64-linux-gnu/libpthread-2.19.so
7f4a1b505000-7f4a1b506000 rw-p 00019000 08:05 5775188                    /lib/x86_64-linux-gnu/libpthread-2.19.so
7f4a1b506000-7f4a1b50a000 rw-p 00000000 00:00 0 
7f4a1b50a000-7f4a1b52d000 r-xp 00000000 08:05 5775189                    /lib/x86_64-linux-gnu/ld-2.19.so
7f4a1b52d000-7f4a1b52e000 r--s 00000000 08:05 1714930                    /var/cache/fontconfig/4794a0821666d79190d59a36cb4f44b5-le64.cache-4
7f4a1b52e000-7f4a1b52f000 r--s 00000000 08:05 1719757                    /var/cache/fontconfig/56cf4f4769d0f4abc89a4895d7bd3ae1-le64.cache-4
7f4a1b52f000-7f4a1b53a000 r--s 00116000 08:05 1460129                    /home/eduarddrenth/jdk1.8.0_31/jre/lib/ext/localedata.jar
7f4a1b53a000-7f4a1b55a000 rw-s 22dd95000 00:05 12116                     /dev/nvidia0
7f4a1b57a000-7f4a1b5fc000 rw-p 00000000 00:00 0 
7f4a1b5fc000-7f4a1b5ff000 ---p 00000000 00:00 0 
7f4a1b5ff000-7f4a1b701000 rw-p 00000000 00:00 0                          [stack:16065]
7f4a1b701000-7f4a1b702000 r--s 00000000 08:05 1719554                    /var/cache/fontconfig/b9d506c9ac06c20b433354fa67a72993-le64.cache-4
7f4a1b702000-7f4a1b703000 r--s 00000000 08:05 1719496                    /var/cache/fontconfig/0c9eb80ebd1c36541ebe2852d3bb0c49-le64.cache-4
7f4a1b703000-7f4a1b707000 r--s 00000000 08:05 1719488                    /var/cache/fontconfig/7ef2298fde41cc6eeb7af42e48b7d293-le64.cache-4
7f4a1b707000-7f4a1b709000 rw-s 00000000 08:05 3014950                    /tmp/glQdeODv (deleted)
7f4a1b709000-7f4a1b70b000 rw-p 00000000 00:00 0 
7f4a1b70b000-7f4a1b70c000 r--s 00000000 08:05 1719480                    /var/cache/fontconfig/62f91419b9ebdb6975e7e41ab6412357-le64.cache-4
7f4a1b70c000-7f4a1b70d000 r--s 00000000 00:15 191666                     /run/user/1000/dconf/user
7f4a1b70d000-7f4a1b714000 rw-s 18c5b8000 00:05 12116                     /dev/nvidia0
7f4a1b714000-7f4a1b715000 rw-s c0009000 00:05 12116                      /dev/nvidia0
7f4a1b715000-7f4a1b716000 rw-s 20c414000 00:05 12116                     /dev/nvidia0
7f4a1b716000-7f4a1b71a000 rw-s 183bcd000 00:05 12116                     /dev/nvidia0
7f4a1b71a000-7f4a1b71b000 rw-s d2c10000 00:05 12116                      /dev/nvidia0
7f4a1b71b000-7f4a1b71c000 rw-s d2c0e000 00:05 12116                      /dev/nvidia0
7f4a1b71c000-7f4a1b71d000 rw-s d2641000 00:05 12116                      /dev/nvidia0
7f4a1b71d000-7f4a1b71e000 rw-s 22cc0e000 00:05 12116                     /dev/nvidia0
7f4a1b71e000-7f4a1b71f000 rw-s 9132d000 00:05 12116                      /dev/nvidia0
7f4a1b71f000-7f4a1b720000 rw-s d2060000 00:05 12116                      /dev/nvidia0
7f4a1b720000-7f4a1b728000 rw-s 00000000 08:05 3014949                    /tmp/hsperfdata_eduarddrenth/16061
7f4a1b728000-7f4a1b729000 rw-p 00000000 00:00 0 
7f4a1b729000-7f4a1b72a000 r--p 00000000 00:00 0 
7f4a1b72a000-7f4a1b72c000 rw-p 00000000 00:00 0 
7f4a1b72c000-7f4a1b72d000 r--p 00022000 08:05 5775189                    /lib/x86_64-linux-gnu/ld-2.19.so
7f4a1b72d000-7f4a1b72e000 rw-p 00023000 08:05 5775189                    /lib/x86_64-linux-gnu/ld-2.19.so
7f4a1b72e000-7f4a1b72f000 rw-p 00000000 00:00 0 
7ffdd31dc000-7ffdd31fd000 rw-p 00000000 00:00 0                          [stack]
7ffdd31fe000-7ffdd3200000 r-xp 00000000 00:00 0                          [vdso]
ffffffffff600000-ffffffffff601000 r-xp 00000000 00:00 0                  [vsyscall]

VM Arguments:
jvm_args: -Xdebug -Xrunjdwp:transport=dt_socket,server=n,address=59563 
java_command: /home/eduarddrenth/VectorPrintReportGUI/target/VectorPrintReportGUI-2.1.jar
java_class_path (initial): /home/eduarddrenth/VectorPrintReportGUI/target/VectorPrintReportGUI-2.1.jar
Launcher Type: SUN_STANDARD

Environment Variables:
JAVA_HOME=/home/eduarddrenth/jdk1.8.0_31
PATH=/usr/local/sbin:/usr/local/bin:/usr/sbin:/usr/bin:/sbin:/bin:/usr/games:/usr/local/games
SHELL=/bin/bash
DISPLAY=:0

Signal Handlers:
SIGSEGV: [libjvm.so+0xa7a650], sa_mask[0]=11111111011111111101111111111110, sa_flags=SA_RESTART|SA_SIGINFO
SIGBUS: [libjvm.so+0xa7a650], sa_mask[0]=11111111011111111101111111111110, sa_flags=SA_RESTART|SA_SIGINFO
SIGFPE: [libjvm.so+0x8e28f0], sa_mask[0]=11111111011111111101111111111110, sa_flags=SA_RESTART|SA_SIGINFO
SIGPIPE: SIG_IGN, sa_mask[0]=00000000000010000000000000000000, sa_flags=SA_RESTART
SIGXFSZ: [libjvm.so+0x8e28f0], sa_mask[0]=11111111011111111101111111111110, sa_flags=SA_RESTART|SA_SIGINFO
SIGILL: [libjvm.so+0x8e28f0], sa_mask[0]=11111111011111111101111111111110, sa_flags=SA_RESTART|SA_SIGINFO
SIGUSR1: SIG_DFL, sa_mask[0]=00000000000000000000000000000000, sa_flags=none
SIGUSR2: [libjvm.so+0x8e4120], sa_mask[0]=00100000000000000000000000000000, sa_flags=SA_RESTART|SA_SIGINFO
SIGHUP: [libjvm.so+0x8e54e0], sa_mask[0]=11111111011111111101111111111110, sa_flags=SA_RESTART|SA_SIGINFO
SIGINT: [libjvm.so+0x8e54e0], sa_mask[0]=11111111011111111101111111111110, sa_flags=SA_RESTART|SA_SIGINFO
SIGTERM: [libjvm.so+0x8e54e0], sa_mask[0]=11111111011111111101111111111110, sa_flags=SA_RESTART|SA_SIGINFO
SIGQUIT: [libjvm.so+0x8e54e0], sa_mask[0]=11111111011111111101111111111110, sa_flags=SA_RESTART|SA_SIGINFO


---------------  S Y S T E M  ---------------

OS:DISTRIB_ID=Ubuntu
DISTRIB_RELEASE=14.04
DISTRIB_CODENAME=trusty
DISTRIB_DESCRIPTION="Ubuntu 14.04.4 LTS"

uname:Linux 3.13.0-86-generic #131-Ubuntu SMP Thu May 12 23:33:13 UTC 2016 x86_64
libc:glibc 2.19 NPTL 2.19 
rlimit: STACK 8192k, CORE 0k, NPROC 62563, NOFILE 4096, AS infinity
load average:0,71 1,61 1,52

/proc/meminfo:
MemTotal:        8029744 kB
MemFree:          170164 kB
Buffers:           11368 kB
Cached:           171772 kB
SwapCached:        46992 kB
Active:          2115272 kB
Inactive:         895776 kB
Active(anon):    2015492 kB
Inactive(anon):   835576 kB
Active(file):      99780 kB
Inactive(file):    60200 kB
Unevictable:          68 kB
Mlocked:              68 kB
SwapTotal:       6281212 kB
SwapFree:        5667068 kB
Dirty:               256 kB
Writeback:             0 kB
AnonPages:       2782668 kB
Mapped:          4387360 kB
Shmem:             22980 kB
Slab:             411424 kB
SReclaimable:     335120 kB
SUnreclaim:        76304 kB
KernelStack:        5696 kB
PageTables:        45172 kB
NFS_Unstable:          0 kB
Bounce:                0 kB
WritebackTmp:          0 kB
CommitLimit:    10296084 kB
Committed_AS:   11437428 kB
VmallocTotal:   34359738367 kB
VmallocUsed:      319260 kB
VmallocChunk:   34359409148 kB
HardwareCorrupted:     0 kB
AnonHugePages:    475136 kB
HugePages_Total:       0
HugePages_Free:        0
HugePages_Rsvd:        0
HugePages_Surp:        0
Hugepagesize:       2048 kB
DirectMap4k:     1981248 kB
DirectMap2M:     6260736 kB


CPU:total 4 (2 cores per cpu, 2 threads per core) family 6 model 37 stepping 2, cmov, cx8, fxsr, mmx, sse, sse2, sse3, ssse3, sse4.1, sse4.2, popcnt, aes, clmul, ht, tsc, tscinvbit

/proc/cpuinfo:
processor	: 0
vendor_id	: GenuineIntel
cpu family	: 6
model		: 37
model name	: Intel(R) Core(TM) i5 CPU       M 520  @ 2.40GHz
stepping	: 2
microcode	: 0x9
cpu MHz		: 1199.000
cache size	: 3072 KB
physical id	: 0
siblings	: 4
core id		: 0
cpu cores	: 2
apicid		: 0
initial apicid	: 0
fpu		: yes
fpu_exception	: yes
cpuid level	: 11
wp		: yes
flags		: fpu vme de pse tsc msr pae mce cx8 apic sep mtrr pge mca cmov pat pse36 clflush dts acpi mmx fxsr sse sse2 ss ht tm pbe syscall nx rdtscp lm constant_tsc arch_perfmon pebs bts rep_good nopl xtopology nonstop_tsc aperfmperf pni pclmulqdq dtes64 monitor ds_cpl vmx smx est tm2 ssse3 cx16 xtpr pdcm sse4_1 sse4_2 popcnt aes lahf_lm ida arat dtherm tpr_shadow vnmi flexpriority ept vpid
bogomips	: 4787.57
clflush size	: 64
cache_alignment	: 64
address sizes	: 36 bits physical, 48 bits virtual
power management:

processor	: 1
vendor_id	: GenuineIntel
cpu family	: 6
model		: 37
model name	: Intel(R) Core(TM) i5 CPU       M 520  @ 2.40GHz
stepping	: 2
microcode	: 0x9
cpu MHz		: 1199.000
cache size	: 3072 KB
physical id	: 0
siblings	: 4
core id		: 0
cpu cores	: 2
apicid		: 1
initial apicid	: 1
fpu		: yes
fpu_exception	: yes
cpuid level	: 11
wp		: yes
flags		: fpu vme de pse tsc msr pae mce cx8 apic sep mtrr pge mca cmov pat pse36 clflush dts acpi mmx fxsr sse sse2 ss ht tm pbe syscall nx rdtscp lm constant_tsc arch_perfmon pebs bts rep_good nopl xtopology nonstop_tsc aperfmperf pni pclmulqdq dtes64 monitor ds_cpl vmx smx est tm2 ssse3 cx16 xtpr pdcm sse4_1 sse4_2 popcnt aes lahf_lm ida arat dtherm tpr_shadow vnmi flexpriority ept vpid
bogomips	: 4787.57
clflush size	: 64
cache_alignment	: 64
address sizes	: 36 bits physical, 48 bits virtual
power management:

processor	: 2
vendor_id	: GenuineIntel
cpu family	: 6
model		: 37
model name	: Intel(R) Core(TM) i5 CPU       M 520  @ 2.40GHz
stepping	: 2
microcode	: 0x9
cpu MHz		: 1199.000
cache size	: 3072 KB
physical id	: 0
siblings	: 4
core id		: 2
cpu cores	: 2
apicid		: 4
initial apicid	: 4
fpu		: yes
fpu_exception	: yes
cpuid level	: 11
wp		: yes
flags		: fpu vme de pse tsc msr pae mce cx8 apic sep mtrr pge mca cmov pat pse36 clflush dts acpi mmx fxsr sse sse2 ss ht tm pbe syscall nx rdtscp lm constant_tsc arch_perfmon pebs bts rep_good nopl xtopology nonstop_tsc aperfmperf pni pclmulqdq dtes64 monitor ds_cpl vmx smx est tm2 ssse3 cx16 xtpr pdcm sse4_1 sse4_2 popcnt aes lahf_lm ida arat dtherm tpr_shadow vnmi flexpriority ept vpid
bogomips	: 4787.57
clflush size	: 64
cache_alignment	: 64
address sizes	: 36 bits physical, 48 bits virtual
power management:

processor	: 3
vendor_id	: GenuineIntel
cpu family	: 6
model		: 37
model name	: Intel(R) Core(TM) i5 CPU       M 520  @ 2.40GHz
stepping	: 2
microcode	: 0x9
cpu MHz		: 2400.000
cache size	: 3072 KB
physical id	: 0
siblings	: 4
core id		: 2
cpu cores	: 2
apicid		: 5
initial apicid	: 5
fpu		: yes
fpu_exception	: yes
cpuid level	: 11
wp		: yes
flags		: fpu vme de pse tsc msr pae mce cx8 apic sep mtrr pge mca cmov pat pse36 clflush dts acpi mmx fxsr sse sse2 ss ht tm pbe syscall nx rdtscp lm constant_tsc arch_perfmon pebs bts rep_good nopl xtopology nonstop_tsc aperfmperf pni pclmulqdq dtes64 monitor ds_cpl vmx smx est tm2 ssse3 cx16 xtpr pdcm sse4_1 sse4_2 popcnt aes lahf_lm ida arat dtherm tpr_shadow vnmi flexpriority ept vpid
bogomips	: 4787.57
clflush size	: 64
cache_alignment	: 64
address sizes	: 36 bits physical, 48 bits virtual
power management:



Memory: 4k page, physical 8029744k(170164k free), swap 6281212k(5667068k free)

vm_info: Java HotSpot(TM) 64-Bit Server VM (25.31-b07) for linux-amd64 JRE (1.8.0_31-b13), built on Dec 17 2014 20:40:15 by "java_re" with gcc 4.3.0 20080428 (Red Hat 4.3.0-8)

time: Tue May 31 08:14:30 2016
elapsed time: 289 seconds (0d 0h 4m 49s)

